<?xml version="1.0"?>
<!DOCTYPE coverage SYSTEM "http://cobertura.sourceforge.net/xml/coverage-04.dtd">

<coverage line-rate="0.6794354838709677" branch-rate="0.28515625" lines-covered="337" lines-valid="496" branches-covered="73" branches-valid="256" complexity="1.8823529411764706" version="2.1.1" timestamp="1483544184410">
	<sources>
		<source>/home/r/repo/target/generated-sources/java</source>
		<source>/home/r/repo/src/main/java</source>
		<source>--source</source>
		<source>/home/r/repo/target/generated-sources/annotations</source>
	</sources>
	<packages>
		<package name="com.jcabi.xml" line-rate="0.6794354838709677" branch-rate="0.28515625" complexity="1.8823529411764706">
			<classes>
				<class name="com.jcabi.xml.ClasspathInput" filename="com/jcabi/xml/ClasspathInput.java" line-rate="0.5" branch-rate="0.5" complexity="1.2941176470588236">
					<methods>
						<method name="&lt;init&gt;" signature="(Ljava/lang/String;Ljava/lang/String;)V" line-rate="1.0" branch-rate="1.0" complexity="0">
							<lines>
								<line number="62" hits="2" branch="false"/>
								<line number="63" hits="2" branch="false"/>
								<line number="64" hits="2" branch="false"/>
								<line number="65" hits="2" branch="false"/>
							</lines>
						</method>
						<method name="getBaseURI" signature="()Ljava/lang/String;" line-rate="1.0" branch-rate="1.0" complexity="0">
							<lines>
								<line number="89" hits="1" branch="false"/>
							</lines>
						</method>
						<method name="getByteStream" signature="()Ljava/io/InputStream;" line-rate="1.0" branch-rate="1.0" complexity="0">
							<lines>
								<line number="94" hits="1" branch="false"/>
							</lines>
						</method>
						<method name="getCertifiedText" signature="()Z" line-rate="0.0" branch-rate="1.0" complexity="0">
							<lines>
								<line number="100" hits="0" branch="false"/>
							</lines>
						</method>
						<method name="getCharacterStream" signature="()Ljava/io/Reader;" line-rate="1.0" branch-rate="1.0" complexity="0">
							<lines>
								<line number="105" hits="1" branch="false"/>
							</lines>
						</method>
						<method name="getEncoding" signature="()Ljava/lang/String;" line-rate="1.0" branch-rate="1.0" complexity="0">
							<lines>
								<line number="110" hits="1" branch="false"/>
							</lines>
						</method>
						<method name="getPublicId" signature="()Ljava/lang/String;" line-rate="1.0" branch-rate="1.0" complexity="0">
							<lines>
								<line number="69" hits="1" branch="false"/>
							</lines>
						</method>
						<method name="getStringData" signature="()Ljava/lang/String;" line-rate="0.5714285714285714" branch-rate="0.5" complexity="0">
							<lines>
								<line number="115" hits="2" branch="false"/>
								<line number="118" hits="2" branch="true" condition-coverage="50% (1/2)">
									<conditions>
										<condition number="0" type="jump" coverage="50%"/>
									</conditions>
								</line>
								<line number="119" hits="0" branch="false"/>
								<line number="127" hits="2" branch="false"/>
								<line number="128" hits="0" branch="false"/>
								<line number="129" hits="0" branch="false"/>
								<line number="136" hits="2" branch="false"/>
							</lines>
						</method>
						<method name="getSystemId" signature="()Ljava/lang/String;" line-rate="1.0" branch-rate="1.0" complexity="0">
							<lines>
								<line number="79" hits="1" branch="false"/>
							</lines>
						</method>
						<method name="setBaseURI" signature="(Ljava/lang/String;)V" line-rate="0.0" branch-rate="1.0" complexity="0">
							<lines>
								<line number="143" hits="0" branch="false"/>
							</lines>
						</method>
						<method name="setByteStream" signature="(Ljava/io/InputStream;)V" line-rate="0.0" branch-rate="1.0" complexity="0">
							<lines>
								<line number="148" hits="0" branch="false"/>
							</lines>
						</method>
						<method name="setCertifiedText" signature="(Z)V" line-rate="0.0" branch-rate="1.0" complexity="0">
							<lines>
								<line number="153" hits="0" branch="false"/>
							</lines>
						</method>
						<method name="setCharacterStream" signature="(Ljava/io/Reader;)V" line-rate="0.0" branch-rate="1.0" complexity="0">
							<lines>
								<line number="158" hits="0" branch="false"/>
							</lines>
						</method>
						<method name="setEncoding" signature="(Ljava/lang/String;)V" line-rate="0.0" branch-rate="1.0" complexity="0">
							<lines>
								<line number="163" hits="0" branch="false"/>
							</lines>
						</method>
						<method name="setPublicId" signature="(Ljava/lang/String;)V" line-rate="0.0" branch-rate="1.0" complexity="0">
							<lines>
								<line number="74" hits="0" branch="false"/>
								<line number="75" hits="0" branch="false"/>
							</lines>
						</method>
						<method name="setStringData" signature="(Ljava/lang/String;)V" line-rate="0.0" branch-rate="1.0" complexity="0">
							<lines>
								<line number="168" hits="0" branch="false"/>
							</lines>
						</method>
						<method name="setSystemId" signature="(Ljava/lang/String;)V" line-rate="0.0" branch-rate="1.0" complexity="0">
							<lines>
								<line number="84" hits="0" branch="false"/>
								<line number="85" hits="0" branch="false"/>
							</lines>
						</method>
					</methods>
					<lines>
						<line number="62" hits="2" branch="false"/>
						<line number="63" hits="2" branch="false"/>
						<line number="64" hits="2" branch="false"/>
						<line number="65" hits="2" branch="false"/>
						<line number="69" hits="1" branch="false"/>
						<line number="74" hits="0" branch="false"/>
						<line number="75" hits="0" branch="false"/>
						<line number="79" hits="1" branch="false"/>
						<line number="84" hits="0" branch="false"/>
						<line number="85" hits="0" branch="false"/>
						<line number="89" hits="1" branch="false"/>
						<line number="94" hits="1" branch="false"/>
						<line number="100" hits="0" branch="false"/>
						<line number="105" hits="1" branch="false"/>
						<line number="110" hits="1" branch="false"/>
						<line number="115" hits="2" branch="false"/>
						<line number="118" hits="2" branch="true" condition-coverage="50% (1/2)">
							<conditions>
								<condition number="0" type="jump" coverage="50%"/>
							</conditions>
						</line>
						<line number="119" hits="0" branch="false"/>
						<line number="127" hits="2" branch="false"/>
						<line number="128" hits="0" branch="false"/>
						<line number="129" hits="0" branch="false"/>
						<line number="136" hits="2" branch="false"/>
						<line number="143" hits="0" branch="false"/>
						<line number="148" hits="0" branch="false"/>
						<line number="153" hits="0" branch="false"/>
						<line number="158" hits="0" branch="false"/>
						<line number="163" hits="0" branch="false"/>
						<line number="168" hits="0" branch="false"/>
					</lines>
				</class>
				<class name="com.jcabi.xml.ClasspathResolver" filename="com/jcabi/xml/ClasspathResolver.java" line-rate="1.0" branch-rate="1.0" complexity="3.0">
					<methods>
						<method name="&lt;init&gt;" signature="()V" line-rate="1.0" branch-rate="1.0" complexity="0">
							<lines>
								<line number="42" hits="5" branch="false"/>
							</lines>
						</method>
						<method name="resolveResource" signature="(Ljava/lang/String;Ljava/lang/String;Ljava/lang/String;Ljava/lang/String;Ljava/lang/String;)Lorg/w3c/dom/ls/LSInput;" line-rate="1.0" branch-rate="1.0" complexity="0">
							<lines>
								<line number="48" hits="9" branch="false"/>
								<line number="49" hits="9" branch="true" condition-coverage="100% (4/4)">
									<conditions>
										<condition number="0" type="jump" coverage="100%"/>
										<condition number="1" type="jump" coverage="100%"/>
									</conditions>
								</line>
								<line number="50" hits="1" branch="false"/>
								<line number="52" hits="9" branch="false"/>
							</lines>
						</method>
					</methods>
					<lines>
						<line number="42" hits="5" branch="false"/>
						<line number="48" hits="9" branch="false"/>
						<line number="49" hits="9" branch="true" condition-coverage="100% (4/4)">
							<conditions>
								<condition number="0" type="jump" coverage="100%"/>
								<condition number="1" type="jump" coverage="100%"/>
							</conditions>
						</line>
						<line number="50" hits="1" branch="false"/>
						<line number="52" hits="9" branch="false"/>
					</lines>
				</class>
				<class name="com.jcabi.xml.ClasspathSources" filename="com/jcabi/xml/ClasspathSources.java" line-rate="0.7142857142857143" branch-rate="0.0625" complexity="1.75">
					<methods>
						<method name="&lt;init&gt;" signature="()V" line-rate="1.0" branch-rate="1.0" complexity="0">
							<lines>
								<line number="61" hits="1" branch="false"/>
								<line number="62" hits="1" branch="false"/>
							</lines>
						</method>
						<method name="&lt;init&gt;" signature="(Ljava/lang/Class;)V" line-rate="1.0" branch-rate="1.0" complexity="0">
							<lines>
								<line number="69" hits="1" branch="false"/>
								<line number="75" hits="1" branch="false"/>
							</lines>
						</method>
						<method name="&lt;init&gt;" signature="(Ljava/lang/String;)V" line-rate="1.0" branch-rate="1.0" complexity="0">
							<lines>
								<line number="81" hits="2" branch="false"/>
								<line number="82" hits="2" branch="false"/>
								<line number="83" hits="2" branch="false"/>
							</lines>
						</method>
						<method name="equals" signature="(Ljava/lang/Object;)Z" line-rate="1.0" branch-rate="1.0" complexity="0">
							<lines>
							</lines>
						</method>
						<method name="hashCode" signature="()I" line-rate="0.0" branch-rate="0.0" complexity="0">
							<lines>
								<line number="44" hits="0" branch="true" condition-coverage="0% (0/12)">
									<conditions>
										<condition number="0" type="jump" coverage="0%"/>
										<condition number="1" type="jump" coverage="0%"/>
										<condition number="2" type="jump" coverage="0%"/>
										<condition number="3" type="jump" coverage="0%"/>
										<condition number="4" type="jump" coverage="0%"/>
										<condition number="5" type="jump" coverage="0%"/>
									</conditions>
								</line>
							</lines>
						</method>
						<method name="resolve" signature="(Ljava/lang/String;Ljava/lang/String;)Ljavax/xml/transform/Source;" line-rate="0.5" branch-rate="0.25" complexity="0">
							<lines>
								<line number="88" hits="2" branch="false"/>
								<line number="91" hits="2" branch="true" condition-coverage="50% (1/2)">
									<conditions>
										<condition number="0" type="jump" coverage="50%"/>
									</conditions>
								</line>
								<line number="92" hits="0" branch="false"/>
								<line number="95" hits="0" branch="true" condition-coverage="0% (0/2)">
									<conditions>
										<condition number="0" type="jump" coverage="0%"/>
									</conditions>
								</line>
								<line number="96" hits="0" branch="false"/>
								<line number="105" hits="2" branch="false"/>
							</lines>
						</method>
					</methods>
					<lines>
						<line number="44" hits="0" branch="true" condition-coverage="0% (0/12)">
							<conditions>
								<condition number="0" type="jump" coverage="0%"/>
								<condition number="1" type="jump" coverage="0%"/>
								<condition number="2" type="jump" coverage="0%"/>
								<condition number="3" type="jump" coverage="0%"/>
								<condition number="4" type="jump" coverage="0%"/>
								<condition number="5" type="jump" coverage="0%"/>
							</conditions>
						</line>
						<line number="61" hits="1" branch="false"/>
						<line number="62" hits="1" branch="false"/>
						<line number="69" hits="1" branch="false"/>
						<line number="75" hits="1" branch="false"/>
						<line number="81" hits="2" branch="false"/>
						<line number="82" hits="2" branch="false"/>
						<line number="83" hits="2" branch="false"/>
						<line number="88" hits="2" branch="false"/>
						<line number="91" hits="2" branch="true" condition-coverage="50% (1/2)">
							<conditions>
								<condition number="0" type="jump" coverage="50%"/>
							</conditions>
						</line>
						<line number="92" hits="0" branch="false"/>
						<line number="95" hits="0" branch="true" condition-coverage="0% (0/2)">
							<conditions>
								<condition number="0" type="jump" coverage="0%"/>
							</conditions>
						</line>
						<line number="96" hits="0" branch="false"/>
						<line number="105" hits="2" branch="false"/>
					</lines>
				</class>
				<class name="com.jcabi.xml.DomParser" filename="com/jcabi/xml/DomParser.java" line-rate="0.5" branch-rate="0.1875" complexity="7.0">
					<methods>
						<method name="&lt;clinit&gt;" signature="()V" line-rate="1.0" branch-rate="1.0" complexity="0">
							<lines>
								<line number="62" hits="1" branch="false"/>
							</lines>
						</method>
						<method name="&lt;init&gt;" signature="(Ljavax/xml/parsers/DocumentBuilderFactory;Ljava/lang/String;)V" line-rate="0.875" branch-rate="0.75" complexity="0">
							<lines>
								<line number="85" hits="419" branch="false"/>
								<line number="86" hits="419" branch="true" condition-coverage="50% (1/2)">
									<conditions>
										<condition number="0" type="jump" coverage="50%"/>
									</conditions>
								</line>
								<line number="87" hits="0" branch="false"/>
								<line number="89" hits="419" branch="true" condition-coverage="100% (2/2)">
									<conditions>
										<condition number="0" type="jump" coverage="100%"/>
									</conditions>
								</line>
								<line number="90" hits="3" branch="false"/>
								<line number="94" hits="416" branch="false"/>
								<line number="95" hits="416" branch="false"/>
								<line number="96" hits="416" branch="false"/>
							</lines>
						</method>
						<method name="document" signature="()Lorg/w3c/dom/Document;" line-rate="0.2727272727272727" branch-rate="1.0" complexity="0">
							<lines>
								<line number="105" hits="410" branch="false"/>
								<line number="108" hits="0" branch="false"/>
								<line number="109" hits="0" branch="false"/>
								<line number="110" hits="0" branch="false"/>
								<line number="111" hits="0" branch="false"/>
								<line number="112" hits="0" branch="false"/>
								<line number="113" hits="0" branch="false"/>
								<line number="114" hits="0" branch="false"/>
								<line number="115" hits="0" branch="false"/>
								<line number="118" hits="409" branch="false"/>
								<line number="119" hits="409" branch="false"/>
							</lines>
						</method>
						<method name="equals" signature="(Ljava/lang/Object;)Z" line-rate="1.0" branch-rate="1.0" complexity="0">
							<lines>
							</lines>
						</method>
						<method name="hashCode" signature="()I" line-rate="0.0" branch-rate="0.0" complexity="0">
							<lines>
								<line number="54" hits="0" branch="true" condition-coverage="0% (0/12)">
									<conditions>
										<condition number="0" type="jump" coverage="0%"/>
										<condition number="1" type="jump" coverage="0%"/>
										<condition number="2" type="jump" coverage="0%"/>
										<condition number="3" type="jump" coverage="0%"/>
										<condition number="4" type="jump" coverage="0%"/>
										<condition number="5" type="jump" coverage="0%"/>
									</conditions>
								</line>
							</lines>
						</method>
						<method name="toString" signature="()Ljava/lang/String;" line-rate="0.0" branch-rate="1.0" complexity="0">
							<lines>
								<line number="53" hits="0" branch="false"/>
							</lines>
						</method>
					</methods>
					<lines>
						<line number="53" hits="0" branch="false"/>
						<line number="54" hits="0" branch="true" condition-coverage="0% (0/12)">
							<conditions>
								<condition number="0" type="jump" coverage="0%"/>
								<condition number="1" type="jump" coverage="0%"/>
								<condition number="2" type="jump" coverage="0%"/>
								<condition number="3" type="jump" coverage="0%"/>
								<condition number="4" type="jump" coverage="0%"/>
								<condition number="5" type="jump" coverage="0%"/>
							</conditions>
						</line>
						<line number="62" hits="1" branch="false"/>
						<line number="85" hits="419" branch="false"/>
						<line number="86" hits="419" branch="true" condition-coverage="50% (1/2)">
							<conditions>
								<condition number="0" type="jump" coverage="50%"/>
							</conditions>
						</line>
						<line number="87" hits="0" branch="false"/>
						<line number="89" hits="419" branch="true" condition-coverage="100% (2/2)">
							<conditions>
								<condition number="0" type="jump" coverage="100%"/>
							</conditions>
						</line>
						<line number="90" hits="3" branch="false"/>
						<line number="94" hits="416" branch="false"/>
						<line number="95" hits="416" branch="false"/>
						<line number="96" hits="416" branch="false"/>
						<line number="105" hits="410" branch="false"/>
						<line number="108" hits="0" branch="false"/>
						<line number="109" hits="0" branch="false"/>
						<line number="110" hits="0" branch="false"/>
						<line number="111" hits="0" branch="false"/>
						<line number="112" hits="0" branch="false"/>
						<line number="113" hits="0" branch="false"/>
						<line number="114" hits="0" branch="false"/>
						<line number="115" hits="0" branch="false"/>
						<line number="118" hits="409" branch="false"/>
						<line number="119" hits="409" branch="false"/>
					</lines>
				</class>
				<class name="com.jcabi.xml.FileSources" filename="com/jcabi/xml/FileSources.java" line-rate="0.5555555555555556" branch-rate="0.05555555555555555" complexity="2.75">
					<methods>
						<method name="&lt;init&gt;" signature="()V" line-rate="1.0" branch-rate="1.0" complexity="0">
							<lines>
								<line number="58" hits="1" branch="false"/>
								<line number="59" hits="1" branch="false"/>
							</lines>
						</method>
						<method name="&lt;init&gt;" signature="(Ljava/io/File;)V" line-rate="1.0" branch-rate="1.0" complexity="0">
							<lines>
								<line number="73" hits="1" branch="false"/>
								<line number="74" hits="1" branch="false"/>
								<line number="75" hits="1" branch="false"/>
							</lines>
						</method>
						<method name="&lt;init&gt;" signature="(Ljava/lang/String;)V" line-rate="1.0" branch-rate="1.0" complexity="0">
							<lines>
								<line number="66" hits="1" branch="false"/>
								<line number="67" hits="1" branch="false"/>
							</lines>
						</method>
						<method name="equals" signature="(Ljava/lang/Object;)Z" line-rate="1.0" branch-rate="1.0" complexity="0">
							<lines>
							</lines>
						</method>
						<method name="hashCode" signature="()I" line-rate="0.0" branch-rate="0.0" complexity="0">
							<lines>
								<line number="46" hits="0" branch="true" condition-coverage="0% (0/12)">
									<conditions>
										<condition number="0" type="jump" coverage="0%"/>
										<condition number="1" type="jump" coverage="0%"/>
										<condition number="2" type="jump" coverage="0%"/>
										<condition number="3" type="jump" coverage="0%"/>
										<condition number="4" type="jump" coverage="0%"/>
										<condition number="5" type="jump" coverage="0%"/>
									</conditions>
								</line>
							</lines>
						</method>
						<method name="resolve" signature="(Ljava/lang/String;Ljava/lang/String;)Ljavax/xml/transform/Source;" line-rate="0.3" branch-rate="0.16666666666666666" complexity="0">
							<lines>
								<line number="80" hits="1" branch="false"/>
								<line number="81" hits="1" branch="true" condition-coverage="50% (1/2)">
									<conditions>
										<condition number="0" type="jump" coverage="50%"/>
									</conditions>
								</line>
								<line number="82" hits="0" branch="true" condition-coverage="0% (0/2)">
									<conditions>
										<condition number="0" type="jump" coverage="0%"/>
									</conditions>
								</line>
								<line number="83" hits="0" branch="false"/>
								<line number="85" hits="0" branch="false"/>
								<line number="87" hits="0" branch="true" condition-coverage="0% (0/2)">
									<conditions>
										<condition number="0" type="jump" coverage="0%"/>
									</conditions>
								</line>
								<line number="88" hits="0" branch="false"/>
								<line number="97" hits="1" branch="false"/>
								<line number="98" hits="0" branch="false"/>
								<line number="99" hits="0" branch="false"/>
							</lines>
						</method>
					</methods>
					<lines>
						<line number="46" hits="0" branch="true" condition-coverage="0% (0/12)">
							<conditions>
								<condition number="0" type="jump" coverage="0%"/>
								<condition number="1" type="jump" coverage="0%"/>
								<condition number="2" type="jump" coverage="0%"/>
								<condition number="3" type="jump" coverage="0%"/>
								<condition number="4" type="jump" coverage="0%"/>
								<condition number="5" type="jump" coverage="0%"/>
							</conditions>
						</line>
						<line number="58" hits="1" branch="false"/>
						<line number="59" hits="1" branch="false"/>
						<line number="66" hits="1" branch="false"/>
						<line number="67" hits="1" branch="false"/>
						<line number="73" hits="1" branch="false"/>
						<line number="74" hits="1" branch="false"/>
						<line number="75" hits="1" branch="false"/>
						<line number="80" hits="1" branch="false"/>
						<line number="81" hits="1" branch="true" condition-coverage="50% (1/2)">
							<conditions>
								<condition number="0" type="jump" coverage="50%"/>
							</conditions>
						</line>
						<line number="82" hits="0" branch="true" condition-coverage="0% (0/2)">
							<conditions>
								<condition number="0" type="jump" coverage="0%"/>
							</conditions>
						</line>
						<line number="83" hits="0" branch="false"/>
						<line number="85" hits="0" branch="false"/>
						<line number="87" hits="0" branch="true" condition-coverage="0% (0/2)">
							<conditions>
								<condition number="0" type="jump" coverage="0%"/>
							</conditions>
						</line>
						<line number="88" hits="0" branch="false"/>
						<line number="97" hits="1" branch="false"/>
						<line number="98" hits="0" branch="false"/>
						<line number="99" hits="0" branch="false"/>
					</lines>
				</class>
				<class name="com.jcabi.xml.ListWrapper" filename="com/jcabi/xml/ListWrapper.java" line-rate="0.3055555555555556" branch-rate="0.058823529411764705" complexity="1.7037037037037037">
					<methods>
						<method name="&lt;init&gt;" signature="(Ljava/util/List;Lorg/w3c/dom/Node;Ljava/lang/String;)V" line-rate="1.0" branch-rate="1.0" complexity="0">
							<lines>
								<line number="99" hits="378" branch="false"/>
								<line number="100" hits="378" branch="false"/>
								<line number="101" hits="378" branch="false"/>
								<line number="102" hits="378" branch="false"/>
								<line number="103" hits="378" branch="false"/>
							</lines>
						</method>
						<method name="add" signature="(ILjava/lang/Object;)V" line-rate="0.0" branch-rate="1.0" complexity="0">
							<lines>
								<line number="117" hits="0" branch="false"/>
							</lines>
						</method>
						<method name="add" signature="(Ljava/lang/Object;)Z" line-rate="0.0" branch-rate="1.0" complexity="0">
							<lines>
								<line number="112" hits="0" branch="false"/>
							</lines>
						</method>
						<method name="addAll" signature="(ILjava/util/Collection;)Z" line-rate="0.0" branch-rate="1.0" complexity="0">
							<lines>
								<line number="127" hits="0" branch="false"/>
							</lines>
						</method>
						<method name="addAll" signature="(Ljava/util/Collection;)Z" line-rate="0.0" branch-rate="1.0" complexity="0">
							<lines>
								<line number="122" hits="0" branch="false"/>
							</lines>
						</method>
						<method name="clear" signature="()V" line-rate="0.0" branch-rate="1.0" complexity="0">
							<lines>
								<line number="132" hits="0" branch="false"/>
							</lines>
						</method>
						<method name="contains" signature="(Ljava/lang/Object;)Z" line-rate="0.0" branch-rate="1.0" complexity="0">
							<lines>
								<line number="137" hits="0" branch="false"/>
							</lines>
						</method>
						<method name="containsAll" signature="(Ljava/util/Collection;)Z" line-rate="0.0" branch-rate="1.0" complexity="0">
							<lines>
								<line number="142" hits="0" branch="false"/>
							</lines>
						</method>
						<method name="equals" signature="(Ljava/lang/Object;)Z" line-rate="1.0" branch-rate="1.0" complexity="0">
							<lines>
							</lines>
						</method>
						<method name="get" signature="(I)Ljava/lang/Object;" line-rate="1.0" branch-rate="1.0" complexity="0">
							<lines>
								<line number="153" hits="112" branch="true" condition-coverage="100% (2/2)">
									<conditions>
										<condition number="0" type="jump" coverage="100%"/>
									</conditions>
								</line>
								<line number="154" hits="1" branch="false"/>
								<line number="163" hits="111" branch="false"/>
							</lines>
						</method>
						<method name="hashCode" signature="()I" line-rate="0.0" branch-rate="0.0" complexity="0">
							<lines>
								<line number="74" hits="0" branch="true" condition-coverage="0% (0/28)">
									<conditions>
										<condition number="0" type="jump" coverage="0%"/>
										<condition number="1" type="jump" coverage="0%"/>
										<condition number="2" type="jump" coverage="0%"/>
										<condition number="3" type="jump" coverage="0%"/>
										<condition number="4" type="jump" coverage="0%"/>
										<condition number="5" type="jump" coverage="0%"/>
										<condition number="6" type="jump" coverage="0%"/>
										<condition number="7" type="jump" coverage="0%"/>
										<condition number="8" type="jump" coverage="0%"/>
										<condition number="9" type="jump" coverage="0%"/>
										<condition number="10" type="jump" coverage="0%"/>
										<condition number="11" type="jump" coverage="0%"/>
										<condition number="12" type="jump" coverage="0%"/>
										<condition number="13" type="jump" coverage="0%"/>
									</conditions>
								</line>
							</lines>
						</method>
						<method name="indexOf" signature="(Ljava/lang/Object;)I" line-rate="0.0" branch-rate="1.0" complexity="0">
							<lines>
								<line number="168" hits="0" branch="false"/>
							</lines>
						</method>
						<method name="isEmpty" signature="()Z" line-rate="1.0" branch-rate="1.0" complexity="0">
							<lines>
								<line number="173" hits="209" branch="false"/>
							</lines>
						</method>
						<method name="iterator" signature="()Ljava/util/Iterator;" line-rate="1.0" branch-rate="1.0" complexity="0">
							<lines>
								<line number="178" hits="52" branch="false"/>
							</lines>
						</method>
						<method name="lastIndexOf" signature="(Ljava/lang/Object;)I" line-rate="0.0" branch-rate="1.0" complexity="0">
							<lines>
								<line number="183" hits="0" branch="false"/>
							</lines>
						</method>
						<method name="listIterator" signature="()Ljava/util/ListIterator;" line-rate="0.0" branch-rate="1.0" complexity="0">
							<lines>
								<line number="188" hits="0" branch="false"/>
							</lines>
						</method>
						<method name="listIterator" signature="(I)Ljava/util/ListIterator;" line-rate="0.0" branch-rate="1.0" complexity="0">
							<lines>
								<line number="193" hits="0" branch="false"/>
							</lines>
						</method>
						<method name="remove" signature="(I)Ljava/lang/Object;" line-rate="0.0" branch-rate="1.0" complexity="0">
							<lines>
								<line number="198" hits="0" branch="false"/>
							</lines>
						</method>
						<method name="remove" signature="(Ljava/lang/Object;)Z" line-rate="0.0" branch-rate="1.0" complexity="0">
							<lines>
								<line number="203" hits="0" branch="false"/>
							</lines>
						</method>
						<method name="removeAll" signature="(Ljava/util/Collection;)Z" line-rate="0.0" branch-rate="1.0" complexity="0">
							<lines>
								<line number="208" hits="0" branch="false"/>
							</lines>
						</method>
						<method name="retainAll" signature="(Ljava/util/Collection;)Z" line-rate="0.0" branch-rate="1.0" complexity="0">
							<lines>
								<line number="213" hits="0" branch="false"/>
							</lines>
						</method>
						<method name="set" signature="(ILjava/lang/Object;)Ljava/lang/Object;" line-rate="0.0" branch-rate="1.0" complexity="0">
							<lines>
								<line number="218" hits="0" branch="false"/>
							</lines>
						</method>
						<method name="size" signature="()I" line-rate="1.0" branch-rate="1.0" complexity="0">
							<lines>
								<line number="223" hits="118" branch="false"/>
							</lines>
						</method>
						<method name="subList" signature="(II)Ljava/util/List;" line-rate="0.0" branch-rate="0.0" complexity="0">
							<lines>
								<line number="239" hits="0" branch="true" condition-coverage="0% (0/2)">
									<conditions>
										<condition number="0" type="jump" coverage="0%"/>
									</conditions>
								</line>
								<line number="240" hits="0" branch="false"/>
								<line number="249" hits="0" branch="true" condition-coverage="0% (0/2)">
									<conditions>
										<condition number="0" type="jump" coverage="0%"/>
									</conditions>
								</line>
								<line number="250" hits="0" branch="false"/>
								<line number="259" hits="0" branch="false"/>
							</lines>
						</method>
						<method name="toArray" signature="()[Ljava/lang/Object;" line-rate="0.0" branch-rate="1.0" complexity="0">
							<lines>
								<line number="264" hits="0" branch="false"/>
							</lines>
						</method>
						<method name="toArray" signature="([Ljava/lang/Object;)[Ljava/lang/Object;" line-rate="0.0" branch-rate="1.0" complexity="0">
							<lines>
								<line number="270" hits="0" branch="false"/>
							</lines>
						</method>
						<method name="toString" signature="()Ljava/lang/String;" line-rate="0.0" branch-rate="1.0" complexity="0">
							<lines>
								<line number="107" hits="0" branch="false"/>
							</lines>
						</method>
					</methods>
					<lines>
						<line number="74" hits="0" branch="true" condition-coverage="0% (0/28)">
							<conditions>
								<condition number="0" type="jump" coverage="0%"/>
								<condition number="1" type="jump" coverage="0%"/>
								<condition number="2" type="jump" coverage="0%"/>
								<condition number="3" type="jump" coverage="0%"/>
								<condition number="4" type="jump" coverage="0%"/>
								<condition number="5" type="jump" coverage="0%"/>
								<condition number="6" type="jump" coverage="0%"/>
								<condition number="7" type="jump" coverage="0%"/>
								<condition number="8" type="jump" coverage="0%"/>
								<condition number="9" type="jump" coverage="0%"/>
								<condition number="10" type="jump" coverage="0%"/>
								<condition number="11" type="jump" coverage="0%"/>
								<condition number="12" type="jump" coverage="0%"/>
								<condition number="13" type="jump" coverage="0%"/>
							</conditions>
						</line>
						<line number="99" hits="378" branch="false"/>
						<line number="100" hits="378" branch="false"/>
						<line number="101" hits="378" branch="false"/>
						<line number="102" hits="378" branch="false"/>
						<line number="103" hits="378" branch="false"/>
						<line number="107" hits="0" branch="false"/>
						<line number="112" hits="0" branch="false"/>
						<line number="117" hits="0" branch="false"/>
						<line number="122" hits="0" branch="false"/>
						<line number="127" hits="0" branch="false"/>
						<line number="132" hits="0" branch="false"/>
						<line number="137" hits="0" branch="false"/>
						<line number="142" hits="0" branch="false"/>
						<line number="153" hits="112" branch="true" condition-coverage="100% (2/2)">
							<conditions>
								<condition number="0" type="jump" coverage="100%"/>
							</conditions>
						</line>
						<line number="154" hits="1" branch="false"/>
						<line number="163" hits="111" branch="false"/>
						<line number="168" hits="0" branch="false"/>
						<line number="173" hits="209" branch="false"/>
						<line number="178" hits="52" branch="false"/>
						<line number="183" hits="0" branch="false"/>
						<line number="188" hits="0" branch="false"/>
						<line number="193" hits="0" branch="false"/>
						<line number="198" hits="0" branch="false"/>
						<line number="203" hits="0" branch="false"/>
						<line number="208" hits="0" branch="false"/>
						<line number="213" hits="0" branch="false"/>
						<line number="218" hits="0" branch="false"/>
						<line number="223" hits="118" branch="false"/>
						<line number="239" hits="0" branch="true" condition-coverage="0% (0/2)">
							<conditions>
								<condition number="0" type="jump" coverage="0%"/>
							</conditions>
						</line>
						<line number="240" hits="0" branch="false"/>
						<line number="249" hits="0" branch="true" condition-coverage="0% (0/2)">
							<conditions>
								<condition number="0" type="jump" coverage="0%"/>
							</conditions>
						</line>
						<line number="250" hits="0" branch="false"/>
						<line number="259" hits="0" branch="false"/>
						<line number="264" hits="0" branch="false"/>
						<line number="270" hits="0" branch="false"/>
					</lines>
				</class>
				<class name="com.jcabi.xml.ListWrapper$NodeNotFoundException" filename="com/jcabi/xml/ListWrapper.java" line-rate="1.0" branch-rate="0.8333333333333334" complexity="1.7037037037037037">
					<methods>
						<method name="&lt;init&gt;" signature="(Ljava/lang/String;Lorg/w3c/dom/Node;Ljava/lang/CharSequence;)V" line-rate="1.0" branch-rate="1.0" complexity="0">
							<lines>
								<line number="290" hits="1" branch="false"/>
								<line number="300" hits="1" branch="false"/>
							</lines>
						</method>
						<method name="escapeUnicode" signature="(Ljava/lang/CharSequence;)Ljava/lang/String;" line-rate="1.0" branch-rate="0.8333333333333334" complexity="0">
							<lines>
								<line number="308" hits="2" branch="false"/>
								<line number="309" hits="2" branch="false"/>
								<line number="310" hits="68" branch="true" condition-coverage="100% (2/2)">
									<conditions>
										<condition number="0" type="jump" coverage="100%"/>
									</conditions>
								</line>
								<line number="311" hits="66" branch="false"/>
								<line number="313" hits="66" branch="true" condition-coverage="75% (3/4)">
									<conditions>
										<condition number="0" type="jump" coverage="100%"/>
										<condition number="1" type="jump" coverage="50%"/>
									</conditions>
								</line>
								<line number="314" hits="2" branch="false"/>
								<line number="316" hits="64" branch="false"/>
								<line number="319" hits="2" branch="false"/>
							</lines>
						</method>
					</methods>
					<lines>
						<line number="290" hits="1" branch="false"/>
						<line number="300" hits="1" branch="false"/>
						<line number="308" hits="2" branch="false"/>
						<line number="309" hits="2" branch="false"/>
						<line number="310" hits="68" branch="true" condition-coverage="100% (2/2)">
							<conditions>
								<condition number="0" type="jump" coverage="100%"/>
							</conditions>
						</line>
						<line number="311" hits="66" branch="false"/>
						<line number="313" hits="66" branch="true" condition-coverage="75% (3/4)">
							<conditions>
								<condition number="0" type="jump" coverage="100%"/>
								<condition number="1" type="jump" coverage="50%"/>
							</conditions>
						</line>
						<line number="314" hits="2" branch="false"/>
						<line number="316" hits="64" branch="false"/>
						<line number="319" hits="2" branch="false"/>
					</lines>
				</class>
				<class name="com.jcabi.xml.Sources" filename="com/jcabi/xml/Sources.java" line-rate="1.0" branch-rate="1.0" complexity="2.0">
					<methods>
					</methods>
					<lines>
					</lines>
				</class>
				<class name="com.jcabi.xml.Sources$1" filename="com/jcabi/xml/Sources.java" line-rate="0.5" branch-rate="1.0" complexity="2.0">
					<methods>
						<method name="&lt;init&gt;" signature="()V" line-rate="1.0" branch-rate="1.0" complexity="0">
							<lines>
								<line number="48" hits="1" branch="false"/>
							</lines>
						</method>
						<method name="resolve" signature="(Ljava/lang/String;Ljava/lang/String;)Ljavax/xml/transform/Source;" line-rate="0.0" branch-rate="1.0" complexity="0">
							<lines>
								<line number="51" hits="0" branch="false"/>
							</lines>
						</method>
					</methods>
					<lines>
						<line number="48" hits="1" branch="false"/>
						<line number="51" hits="0" branch="false"/>
					</lines>
				</class>
				<class name="com.jcabi.xml.StrictXML" filename="com/jcabi/xml/StrictXML.java" line-rate="0.7586206896551724" branch-rate="0.38461538461538464" complexity="2.2142857142857144">
					<methods>
						<method name="&lt;init&gt;" signature="(Lcom/jcabi/xml/XML;)V" line-rate="1.0" branch-rate="1.0" complexity="0">
							<lines>
								<line number="74" hits="5" branch="false"/>
								<line number="75" hits="2" branch="false"/>
							</lines>
						</method>
						<method name="&lt;init&gt;" signature="(Lcom/jcabi/xml/XML;Lcom/jcabi/xml/XSD;)V" line-rate="1.0" branch-rate="1.0" complexity="0">
							<lines>
								<line number="92" hits="52" branch="false"/>
								<line number="93" hits="1" branch="false"/>
							</lines>
						</method>
						<method name="&lt;init&gt;" signature="(Lcom/jcabi/xml/XML;Ljava/util/Collection;)V" line-rate="1.0" branch-rate="1.0" complexity="0">
							<lines>
								<line number="101" hits="58" branch="false"/>
								<line number="102" hits="58" branch="true" condition-coverage="100% (2/2)">
									<conditions>
										<condition number="0" type="jump" coverage="100%"/>
									</conditions>
								</line>
								<line number="103" hits="54" branch="false"/>
								<line number="110" hits="54" branch="false"/>
								<line number="118" hits="4" branch="false"/>
								<line number="119" hits="4" branch="false"/>
							</lines>
						</method>
						<method name="&lt;init&gt;" signature="(Lcom/jcabi/xml/XML;Ljavax/xml/validation/Validator;)V" line-rate="1.0" branch-rate="1.0" complexity="0">
							<lines>
								<line number="83" hits="6" branch="false"/>
								<line number="84" hits="3" branch="false"/>
							</lines>
						</method>
						<method name="equals" signature="(Ljava/lang/Object;)Z" line-rate="1.0" branch-rate="1.0" complexity="0">
							<lines>
							</lines>
						</method>
						<method name="hashCode" signature="()I" line-rate="0.0" branch-rate="0.0" complexity="0">
							<lines>
								<line number="61" hits="0" branch="true" condition-coverage="0% (0/12)">
									<conditions>
										<condition number="0" type="jump" coverage="0%"/>
										<condition number="1" type="jump" coverage="0%"/>
										<condition number="2" type="jump" coverage="0%"/>
										<condition number="3" type="jump" coverage="0%"/>
										<condition number="4" type="jump" coverage="0%"/>
										<condition number="5" type="jump" coverage="0%"/>
									</conditions>
								</line>
							</lines>
						</method>
						<method name="join" signature="(Ljava/lang/Iterable;Ljava/lang/String;)Ljava/lang/String;" line-rate="1.0" branch-rate="0.6666666666666666" complexity="0">
							<lines>
								<line number="180" hits="108" branch="false"/>
								<line number="181" hits="108" branch="false"/>
								<line number="183" hits="108" branch="false"/>
								<line number="184" hits="108" branch="true" condition-coverage="50% (1/2)">
									<conditions>
										<condition number="0" type="jump" coverage="50%"/>
									</conditions>
								</line>
								<line number="185" hits="108" branch="false"/>
								<line number="187" hits="220" branch="true" condition-coverage="100% (2/2)">
									<conditions>
										<condition number="0" type="jump" coverage="100%"/>
									</conditions>
								</line>
								<line number="188" hits="112" branch="false"/>
								<line number="189" hits="112" branch="false"/>
								<line number="190" hits="112" branch="true" condition-coverage="50% (1/2)">
									<conditions>
										<condition number="0" type="jump" coverage="50%"/>
									</conditions>
								</line>
								<line number="191" hits="112" branch="false"/>
								<line number="193" hits="112" branch="false"/>
								<line number="194" hits="108" branch="false"/>
							</lines>
						</method>
						<method name="merge" signature="(Ljavax/xml/namespace/NamespaceContext;)Lcom/jcabi/xml/XML;" line-rate="0.0" branch-rate="1.0" complexity="0">
							<lines>
								<line number="143" hits="0" branch="false"/>
							</lines>
						</method>
						<method name="newValidator" signature="()Ljavax/xml/validation/Validator;" line-rate="0.6" branch-rate="1.0" complexity="0">
							<lines>
								<line number="246" hits="5" branch="false"/>
								<line number="250" hits="5" branch="false"/>
								<line number="251" hits="5" branch="false"/>
								<line number="252" hits="0" branch="false"/>
								<line number="253" hits="0" branch="false"/>
							</lines>
						</method>
						<method name="node" signature="()Lorg/w3c/dom/Node;" line-rate="0.0" branch-rate="1.0" complexity="0">
							<lines>
								<line number="148" hits="0" branch="false"/>
							</lines>
						</method>
						<method name="nodes" signature="(Ljava/lang/String;)Ljava/util/List;" line-rate="0.0" branch-rate="1.0" complexity="0">
							<lines>
								<line number="133" hits="0" branch="false"/>
							</lines>
						</method>
						<method name="print" signature="(Ljava/util/Collection;)Ljava/lang/Iterable;" line-rate="1.0" branch-rate="1.0" complexity="0">
							<lines>
								<line number="158" hits="108" branch="false"/>
								<line number="159" hits="108" branch="true" condition-coverage="100% (2/2)">
									<conditions>
										<condition number="0" type="jump" coverage="100%"/>
									</conditions>
								</line>
								<line number="160" hits="220" branch="false"/>
								<line number="168" hits="220" branch="false"/>
								<line number="169" hits="108" branch="false"/>
							</lines>
						</method>
						<method name="registerNs" signature="(Ljava/lang/String;Ljava/lang/Object;)Lcom/jcabi/xml/XML;" line-rate="0.0" branch-rate="1.0" complexity="0">
							<lines>
								<line number="138" hits="0" branch="false"/>
							</lines>
						</method>
						<method name="toString" signature="()Ljava/lang/String;" line-rate="0.0" branch-rate="1.0" complexity="0">
							<lines>
								<line number="123" hits="0" branch="false"/>
							</lines>
						</method>
						<method name="validate" signature="(Lcom/jcabi/xml/XML;Ljavax/xml/validation/Validator;)Ljava/util/Collection;" line-rate="0.7058823529411765" branch-rate="0.5" complexity="0">
							<lines>
								<line number="206" hits="6" branch="false"/>
								<line number="208" hits="6" branch="false"/>
								<line number="210" hits="6" branch="false"/>
								<line number="213" hits="6" branch="false"/>
								<line number="214" hits="8" branch="true" condition-coverage="50% (1/2)">
									<conditions>
										<condition number="0" type="jump" coverage="50%"/>
									</conditions>
								</line>
								<line number="216" hits="8" branch="false"/>
								<line number="217" hits="6" branch="false"/>
								<line number="218" hits="2" branch="false"/>
								<line number="219" hits="2" branch="false"/>
								<line number="227" hits="2" branch="true" condition-coverage="50% (1/2)">
									<conditions>
										<condition number="0" type="jump" coverage="50%"/>
									</conditions>
								</line>
								<line number="228" hits="0" branch="false"/>
								<line number="232" hits="0" branch="false"/>
								<line number="233" hits="0" branch="false"/>
								<line number="234" hits="0" branch="false"/>
								<line number="235" hits="0" branch="false"/>
								<line number="236" hits="6" branch="false"/>
								<line number="237" hits="6" branch="false"/>
							</lines>
						</method>
						<method name="xpath" signature="(Ljava/lang/String;)Ljava/util/List;" line-rate="0.0" branch-rate="1.0" complexity="0">
							<lines>
								<line number="128" hits="0" branch="false"/>
							</lines>
						</method>
					</methods>
					<lines>
						<line number="61" hits="0" branch="true" condition-coverage="0% (0/12)">
							<conditions>
								<condition number="0" type="jump" coverage="0%"/>
								<condition number="1" type="jump" coverage="0%"/>
								<condition number="2" type="jump" coverage="0%"/>
								<condition number="3" type="jump" coverage="0%"/>
								<condition number="4" type="jump" coverage="0%"/>
								<condition number="5" type="jump" coverage="0%"/>
							</conditions>
						</line>
						<line number="74" hits="5" branch="false"/>
						<line number="75" hits="2" branch="false"/>
						<line number="83" hits="6" branch="false"/>
						<line number="84" hits="3" branch="false"/>
						<line number="92" hits="52" branch="false"/>
						<line number="93" hits="1" branch="false"/>
						<line number="101" hits="58" branch="false"/>
						<line number="102" hits="58" branch="true" condition-coverage="100% (2/2)">
							<conditions>
								<condition number="0" type="jump" coverage="100%"/>
							</conditions>
						</line>
						<line number="103" hits="54" branch="false"/>
						<line number="110" hits="54" branch="false"/>
						<line number="118" hits="4" branch="false"/>
						<line number="119" hits="4" branch="false"/>
						<line number="123" hits="0" branch="false"/>
						<line number="128" hits="0" branch="false"/>
						<line number="133" hits="0" branch="false"/>
						<line number="138" hits="0" branch="false"/>
						<line number="143" hits="0" branch="false"/>
						<line number="148" hits="0" branch="false"/>
						<line number="158" hits="108" branch="false"/>
						<line number="159" hits="108" branch="true" condition-coverage="100% (2/2)">
							<conditions>
								<condition number="0" type="jump" coverage="100%"/>
							</conditions>
						</line>
						<line number="160" hits="220" branch="false"/>
						<line number="168" hits="220" branch="false"/>
						<line number="169" hits="108" branch="false"/>
						<line number="180" hits="108" branch="false"/>
						<line number="181" hits="108" branch="false"/>
						<line number="183" hits="108" branch="false"/>
						<line number="184" hits="108" branch="true" condition-coverage="50% (1/2)">
							<conditions>
								<condition number="0" type="jump" coverage="50%"/>
							</conditions>
						</line>
						<line number="185" hits="108" branch="false"/>
						<line number="187" hits="220" branch="true" condition-coverage="100% (2/2)">
							<conditions>
								<condition number="0" type="jump" coverage="100%"/>
							</conditions>
						</line>
						<line number="188" hits="112" branch="false"/>
						<line number="189" hits="112" branch="false"/>
						<line number="190" hits="112" branch="true" condition-coverage="50% (1/2)">
							<conditions>
								<condition number="0" type="jump" coverage="50%"/>
							</conditions>
						</line>
						<line number="191" hits="112" branch="false"/>
						<line number="193" hits="112" branch="false"/>
						<line number="194" hits="108" branch="false"/>
						<line number="206" hits="6" branch="false"/>
						<line number="208" hits="6" branch="false"/>
						<line number="210" hits="6" branch="false"/>
						<line number="213" hits="6" branch="false"/>
						<line number="214" hits="8" branch="true" condition-coverage="50% (1/2)">
							<conditions>
								<condition number="0" type="jump" coverage="50%"/>
							</conditions>
						</line>
						<line number="216" hits="8" branch="false"/>
						<line number="217" hits="6" branch="false"/>
						<line number="218" hits="2" branch="false"/>
						<line number="219" hits="2" branch="false"/>
						<line number="227" hits="2" branch="true" condition-coverage="50% (1/2)">
							<conditions>
								<condition number="0" type="jump" coverage="50%"/>
							</conditions>
						</line>
						<line number="228" hits="0" branch="false"/>
						<line number="232" hits="0" branch="false"/>
						<line number="233" hits="0" branch="false"/>
						<line number="234" hits="0" branch="false"/>
						<line number="235" hits="0" branch="false"/>
						<line number="236" hits="6" branch="false"/>
						<line number="237" hits="6" branch="false"/>
						<line number="246" hits="5" branch="false"/>
						<line number="250" hits="5" branch="false"/>
						<line number="251" hits="5" branch="false"/>
						<line number="252" hits="0" branch="false"/>
						<line number="253" hits="0" branch="false"/>
					</lines>
				</class>
				<class name="com.jcabi.xml.TextResource" filename="com/jcabi/xml/TextResource.java" line-rate="0.8095238095238095" branch-rate="0.07142857142857142" complexity="1.125">
					<methods>
						<method name="&lt;init&gt;" signature="(Ljava/io/File;)V" line-rate="1.0" branch-rate="1.0" complexity="0">
							<lines>
								<line number="85" hits="2" branch="false"/>
								<line number="90" hits="2" branch="false"/>
							</lines>
						</method>
						<method name="&lt;init&gt;" signature="(Ljava/io/InputStream;)V" line-rate="1.0" branch-rate="1.0" complexity="0">
							<lines>
								<line number="76" hits="5" branch="false"/>
								<line number="77" hits="5" branch="false"/>
							</lines>
						</method>
						<method name="&lt;init&gt;" signature="(Ljava/lang/String;)V" line-rate="1.0" branch-rate="1.0" complexity="0">
							<lines>
								<line number="64" hits="11" branch="false"/>
								<line number="65" hits="11" branch="false"/>
								<line number="66" hits="11" branch="false"/>
							</lines>
						</method>
						<method name="&lt;init&gt;" signature="(Ljava/net/URI;)V" line-rate="0.0" branch-rate="1.0" complexity="0">
							<lines>
								<line number="107" hits="0" branch="false"/>
								<line number="108" hits="0" branch="false"/>
							</lines>
						</method>
						<method name="&lt;init&gt;" signature="(Ljava/net/URL;)V" line-rate="1.0" branch-rate="1.0" complexity="0">
							<lines>
								<line number="98" hits="4" branch="false"/>
								<line number="99" hits="4" branch="false"/>
							</lines>
						</method>
						<method name="equals" signature="(Ljava/lang/Object;)Z" line-rate="1.0" branch-rate="1.0" complexity="0">
							<lines>
							</lines>
						</method>
						<method name="hashCode" signature="()I" line-rate="0.0" branch-rate="0.0" complexity="0">
							<lines>
								<line number="52" hits="0" branch="true" condition-coverage="0% (0/12)">
									<conditions>
										<condition number="0" type="jump" coverage="0%"/>
										<condition number="1" type="jump" coverage="0%"/>
										<condition number="2" type="jump" coverage="0%"/>
										<condition number="3" type="jump" coverage="0%"/>
										<condition number="4" type="jump" coverage="0%"/>
										<condition number="5" type="jump" coverage="0%"/>
									</conditions>
								</line>
							</lines>
						</method>
						<method name="readAsString" signature="(Ljava/io/InputStream;)Ljava/lang/String;" line-rate="0.8571428571428571" branch-rate="0.5" complexity="0">
							<lines>
								<line number="121" hits="11" branch="false"/>
								<line number="125" hits="11" branch="true" condition-coverage="50% (1/2)">
									<conditions>
										<condition number="0" type="jump" coverage="50%"/>
									</conditions>
								</line>
								<line number="126" hits="11" branch="false"/>
								<line number="128" hits="0" branch="false"/>
								<line number="131" hits="11" branch="false"/>
								<line number="132" hits="11" branch="false"/>
								<line number="133" hits="11" branch="false"/>
							</lines>
						</method>
						<method name="readAsString" signature="(Ljava/net/URL;)Ljava/lang/String;" line-rate="1.0" branch-rate="1.0" complexity="0">
							<lines>
								<line number="143" hits="4" branch="false"/>
							</lines>
						</method>
						<method name="toString" signature="()Ljava/lang/String;" line-rate="1.0" branch-rate="1.0" complexity="0">
							<lines>
								<line number="112" hits="11" branch="false"/>
							</lines>
						</method>
					</methods>
					<lines>
						<line number="52" hits="0" branch="true" condition-coverage="0% (0/12)">
							<conditions>
								<condition number="0" type="jump" coverage="0%"/>
								<condition number="1" type="jump" coverage="0%"/>
								<condition number="2" type="jump" coverage="0%"/>
								<condition number="3" type="jump" coverage="0%"/>
								<condition number="4" type="jump" coverage="0%"/>
								<condition number="5" type="jump" coverage="0%"/>
							</conditions>
						</line>
						<line number="64" hits="11" branch="false"/>
						<line number="65" hits="11" branch="false"/>
						<line number="66" hits="11" branch="false"/>
						<line number="76" hits="5" branch="false"/>
						<line number="77" hits="5" branch="false"/>
						<line number="85" hits="2" branch="false"/>
						<line number="90" hits="2" branch="false"/>
						<line number="98" hits="4" branch="false"/>
						<line number="99" hits="4" branch="false"/>
						<line number="107" hits="0" branch="false"/>
						<line number="108" hits="0" branch="false"/>
						<line number="112" hits="11" branch="false"/>
						<line number="121" hits="11" branch="false"/>
						<line number="125" hits="11" branch="true" condition-coverage="50% (1/2)">
							<conditions>
								<condition number="0" type="jump" coverage="50%"/>
							</conditions>
						</line>
						<line number="126" hits="11" branch="false"/>
						<line number="128" hits="0" branch="false"/>
						<line number="131" hits="11" branch="false"/>
						<line number="132" hits="11" branch="false"/>
						<line number="133" hits="11" branch="false"/>
						<line number="143" hits="4" branch="false"/>
					</lines>
				</class>
				<class name="com.jcabi.xml.XML" filename="com/jcabi/xml/XML.java" line-rate="1.0" branch-rate="1.0" complexity="1.0">
					<methods>
					</methods>
					<lines>
					</lines>
				</class>
				<class name="com.jcabi.xml.XMLDocument" filename="com/jcabi/xml/XMLDocument.java" line-rate="0.8317757009345794" branch-rate="0.5833333333333334" complexity="2.4444444444444446">
					<methods>
						<method name="&lt;clinit&gt;" signature="()V" line-rate="0.8" branch-rate="1.0" complexity="0">
							<lines>
								<line number="81" hits="1" branch="false"/>
								<line number="87" hits="1" branch="false"/>
								<line number="93" hits="1" branch="false"/>
								<line number="119" hits="1" branch="false"/>
								<line number="121" hits="1" branch="false"/>
								<line number="126" hits="0" branch="false"/>
								<line number="127" hits="0" branch="false"/>
								<line number="128" hits="1" branch="false"/>
								<line number="130" hits="1" branch="false"/>
								<line number="131" hits="1" branch="false"/>
							</lines>
						</method>
						<method name="&lt;init&gt;" signature="(Ljava/io/File;)V" line-rate="1.0" branch-rate="1.0" complexity="0">
							<lines>
								<line number="206" hits="1" branch="false"/>
								<line number="207" hits="1" branch="false"/>
							</lines>
						</method>
						<method name="&lt;init&gt;" signature="(Ljava/io/InputStream;)V" line-rate="1.0" branch-rate="1.0" complexity="0">
							<lines>
								<line number="260" hits="1" branch="false"/>
								<line number="261" hits="1" branch="false"/>
								<line number="262" hits="1" branch="false"/>
							</lines>
						</method>
						<method name="&lt;init&gt;" signature="(Ljava/lang/String;)V" line-rate="1.0" branch-rate="1.0" complexity="0">
							<lines>
								<line number="155" hits="408" branch="false"/>
								<line number="160" hits="408" branch="false"/>
							</lines>
						</method>
						<method name="&lt;init&gt;" signature="(Ljava/net/URI;)V" line-rate="0.0" branch-rate="1.0" complexity="0">
							<lines>
								<line number="240" hits="0" branch="false"/>
								<line number="241" hits="0" branch="false"/>
							</lines>
						</method>
						<method name="&lt;init&gt;" signature="(Ljava/net/URL;)V" line-rate="1.0" branch-rate="1.0" complexity="0">
							<lines>
								<line number="223" hits="3" branch="false"/>
								<line number="224" hits="3" branch="false"/>
							</lines>
						</method>
						<method name="&lt;init&gt;" signature="(Ljavax/xml/transform/Source;)V" line-rate="1.0" branch-rate="1.0" complexity="0">
							<lines>
								<line number="189" hits="209" branch="false"/>
								<line number="190" hits="209" branch="false"/>
							</lines>
						</method>
						<method name="&lt;init&gt;" signature="(Lorg/w3c/dom/Node;)V" line-rate="1.0" branch-rate="0.5" complexity="0">
							<lines>
								<line number="173" hits="57" branch="true" condition-coverage="50% (1/2)">
									<conditions>
										<condition number="0" type="jump" coverage="50%"/>
									</conditions>
								</line>
								<line number="174" hits="57" branch="false"/>
							</lines>
						</method>
						<method name="&lt;init&gt;" signature="(Lorg/w3c/dom/Node;Lcom/jcabi/xml/XPathContext;Z)V" line-rate="1.0" branch-rate="1.0" complexity="0">
							<lines>
								<line number="271" hits="51146" branch="false"/>
								<line number="272" hits="51146" branch="false"/>
								<line number="273" hits="51149" branch="false"/>
								<line number="274" hits="51151" branch="false"/>
								<line number="275" hits="51146" branch="false"/>
								<line number="276" hits="51149" branch="false"/>
							</lines>
						</method>
						<method name="asString" signature="(Lorg/w3c/dom/Node;)Ljava/lang/String;" line-rate="0.7647058823529411" branch-rate="1.0" complexity="0">
							<lines>
								<line number="439" hits="51140" branch="false"/>
								<line number="442" hits="51140" branch="false"/>
								<line number="443" hits="51156" branch="false"/>
								<line number="444" hits="51156" branch="false"/>
								<line number="446" hits="51156" branch="false"/>
								<line number="447" hits="51156" branch="false"/>
								<line number="448" hits="51156" branch="true" condition-coverage="100% (2/2)">
									<conditions>
										<condition number="0" type="jump" coverage="100%"/>
									</conditions>
								</line>
								<line number="449" hits="50272" branch="false"/>
								<line number="451" hits="51156" branch="false"/>
								<line number="452" hits="51156" branch="false"/>
								<line number="456" hits="51143" branch="false"/>
								<line number="457" hits="0" branch="false"/>
								<line number="458" hits="0" branch="false"/>
								<line number="459" hits="0" branch="false"/>
								<line number="460" hits="0" branch="false"/>
								<line number="461" hits="51147" branch="false"/>
								<line number="462" hits="51145" branch="false"/>
							</lines>
						</method>
						<method name="createImportedNode" signature="(Lorg/w3c/dom/Node;)Lorg/w3c/dom/Node;" line-rate="0.7142857142857143" branch-rate="1.0" complexity="0">
							<lines>
								<line number="386" hits="108" branch="false"/>
								<line number="387" hits="0" branch="false"/>
								<line number="388" hits="0" branch="false"/>
								<line number="389" hits="108" branch="false"/>
								<line number="390" hits="108" branch="false"/>
								<line number="391" hits="108" branch="false"/>
								<line number="392" hits="108" branch="false"/>
							</lines>
						</method>
						<method name="equals" signature="(Ljava/lang/Object;)Z" line-rate="1.0" branch-rate="1.0" complexity="0">
							<lines>
							</lines>
						</method>
						<method name="fetch" signature="(Ljava/lang/String;Ljava/lang/Class;)Ljava/lang/Object;" line-rate="0.9" branch-rate="0.75" complexity="0">
							<lines>
								<line number="413" hits="382" branch="false"/>
								<line number="414" hits="382" branch="false"/>
								<line number="415" hits="382" branch="false"/>
								<line number="416" hits="382" branch="false"/>
								<line number="418" hits="382" branch="true" condition-coverage="100% (2/2)">
									<conditions>
										<condition number="0" type="jump" coverage="100%"/>
									</conditions>
								</line>
								<line number="419" hits="3" branch="false"/>
								<line number="420" hits="379" branch="true" condition-coverage="50% (1/2)">
									<conditions>
										<condition number="0" type="jump" coverage="50%"/>
									</conditions>
								</line>
								<line number="421" hits="379" branch="false"/>
								<line number="423" hits="0" branch="false"/>
								<line number="429" hits="382" branch="false"/>
							</lines>
						</method>
						<method name="hashCode" signature="()I" line-rate="1.0" branch-rate="0.375" complexity="0">
							<lines>
								<line number="74" hits="2" branch="true" condition-coverage="37% (6/16)">
									<conditions>
										<condition number="0" type="jump" coverage="50%"/>
										<condition number="1" type="jump" coverage="50%"/>
										<condition number="2" type="jump" coverage="50%"/>
										<condition number="3" type="jump" coverage="0%"/>
										<condition number="4" type="jump" coverage="100%"/>
										<condition number="5" type="jump" coverage="50%"/>
										<condition number="6" type="jump" coverage="0%"/>
										<condition number="7" type="jump" coverage="0%"/>
									</conditions>
								</line>
							</lines>
						</method>
						<method name="merge" signature="(Ljavax/xml/namespace/NamespaceContext;)Lcom/jcabi/xml/XML;" line-rate="1.0" branch-rate="1.0" complexity="0">
							<lines>
								<line number="375" hits="209" branch="false"/>
							</lines>
						</method>
						<method name="node" signature="()Lorg/w3c/dom/Node;" line-rate="1.0" branch-rate="1.0" complexity="0">
							<lines>
								<line number="285" hits="1311" branch="false"/>
								<line number="287" hits="1311" branch="true" condition-coverage="100% (2/2)">
									<conditions>
										<condition number="0" type="jump" coverage="100%"/>
									</conditions>
								</line>
								<line number="288" hits="1203" branch="false"/>
								<line number="290" hits="108" branch="false"/>
								<line number="292" hits="1310" branch="false"/>
							</lines>
						</method>
						<method name="nodes" signature="(Ljava/lang/String;)Ljava/util/List;" line-rate="0.75" branch-rate="1.0" complexity="0">
							<lines>
								<line number="352" hits="320" branch="false"/>
								<line number="353" hits="320" branch="false"/>
								<line number="354" hits="50584" branch="true" condition-coverage="100% (2/2)">
									<conditions>
										<condition number="0" type="jump" coverage="100%"/>
									</conditions>
								</line>
								<line number="355" hits="50264" branch="false"/>
								<line number="362" hits="0" branch="false"/>
								<line number="363" hits="0" branch="false"/>
								<line number="369" hits="320" branch="false"/>
								<line number="370" hits="320" branch="false"/>
							</lines>
						</method>
						<method name="registerNs" signature="(Ljava/lang/String;Ljava/lang/Object;)Lcom/jcabi/xml/XML;" line-rate="1.0" branch-rate="1.0" complexity="0">
							<lines>
								<line number="342" hits="1" branch="false"/>
							</lines>
						</method>
						<method name="toString" signature="()Ljava/lang/String;" line-rate="1.0" branch-rate="1.0" complexity="0">
							<lines>
								<line number="280" hits="266" branch="false"/>
							</lines>
						</method>
						<method name="transform" signature="(Ljavax/xml/transform/Source;)Lorg/w3c/dom/Node;" line-rate="0.6363636363636364" branch-rate="1.0" complexity="0">
							<lines>
								<line number="471" hits="209" branch="false"/>
								<line number="474" hits="209" branch="false"/>
								<line number="475" hits="209" branch="false"/>
								<line number="476" hits="209" branch="false"/>
								<line number="477" hits="209" branch="false"/>
								<line number="478" hits="0" branch="false"/>
								<line number="479" hits="0" branch="false"/>
								<line number="480" hits="0" branch="false"/>
								<line number="481" hits="0" branch="false"/>
								<line number="482" hits="209" branch="false"/>
								<line number="483" hits="209" branch="false"/>
							</lines>
						</method>
						<method name="xpath" signature="(Ljava/lang/String;)Ljava/util/List;" line-rate="0.9285714285714286" branch-rate="0.625" complexity="0">
							<lines>
								<line number="306" hits="59" branch="false"/>
								<line number="307" hits="56" branch="false"/>
								<line number="308" hits="113" branch="true" condition-coverage="100% (2/2)">
									<conditions>
										<condition number="0" type="jump" coverage="100%"/>
									</conditions>
								</line>
								<line number="309" hits="57" branch="false"/>
								<line number="310" hits="57" branch="true" condition-coverage="50% (3/6)">
									<conditions>
										<condition number="0" type="jump" coverage="100%"/>
										<condition number="1" type="jump" coverage="50%"/>
										<condition number="2" type="jump" coverage="0%"/>
									</conditions>
								</line>
								<line number="312" hits="0" branch="false"/>
								<line number="320" hits="57" branch="false"/>
								<line number="322" hits="3" branch="false"/>
								<line number="324" hits="3" branch="false"/>
								<line number="327" hits="1" branch="false"/>
								<line number="328" hits="1" branch="false"/>
								<line number="335" hits="2" branch="false"/>
								<line number="336" hits="56" branch="false"/>
								<line number="337" hits="58" branch="false"/>
							</lines>
						</method>
					</methods>
					<lines>
						<line number="74" hits="2" branch="true" condition-coverage="37% (6/16)">
							<conditions>
								<condition number="0" type="jump" coverage="50%"/>
								<condition number="1" type="jump" coverage="50%"/>
								<condition number="2" type="jump" coverage="50%"/>
								<condition number="3" type="jump" coverage="0%"/>
								<condition number="4" type="jump" coverage="100%"/>
								<condition number="5" type="jump" coverage="50%"/>
								<condition number="6" type="jump" coverage="0%"/>
								<condition number="7" type="jump" coverage="0%"/>
							</conditions>
						</line>
						<line number="81" hits="1" branch="false"/>
						<line number="87" hits="1" branch="false"/>
						<line number="93" hits="1" branch="false"/>
						<line number="119" hits="1" branch="false"/>
						<line number="121" hits="1" branch="false"/>
						<line number="126" hits="0" branch="false"/>
						<line number="127" hits="0" branch="false"/>
						<line number="128" hits="1" branch="false"/>
						<line number="130" hits="1" branch="false"/>
						<line number="131" hits="1" branch="false"/>
						<line number="155" hits="408" branch="false"/>
						<line number="160" hits="408" branch="false"/>
						<line number="173" hits="57" branch="true" condition-coverage="50% (1/2)">
							<conditions>
								<condition number="0" type="jump" coverage="50%"/>
							</conditions>
						</line>
						<line number="174" hits="57" branch="false"/>
						<line number="189" hits="209" branch="false"/>
						<line number="190" hits="209" branch="false"/>
						<line number="206" hits="1" branch="false"/>
						<line number="207" hits="1" branch="false"/>
						<line number="223" hits="3" branch="false"/>
						<line number="224" hits="3" branch="false"/>
						<line number="240" hits="0" branch="false"/>
						<line number="241" hits="0" branch="false"/>
						<line number="260" hits="1" branch="false"/>
						<line number="261" hits="1" branch="false"/>
						<line number="262" hits="1" branch="false"/>
						<line number="271" hits="51146" branch="false"/>
						<line number="272" hits="51146" branch="false"/>
						<line number="273" hits="51149" branch="false"/>
						<line number="274" hits="51151" branch="false"/>
						<line number="275" hits="51146" branch="false"/>
						<line number="276" hits="51149" branch="false"/>
						<line number="280" hits="266" branch="false"/>
						<line number="285" hits="1311" branch="false"/>
						<line number="287" hits="1311" branch="true" condition-coverage="100% (2/2)">
							<conditions>
								<condition number="0" type="jump" coverage="100%"/>
							</conditions>
						</line>
						<line number="288" hits="1203" branch="false"/>
						<line number="290" hits="108" branch="false"/>
						<line number="292" hits="1310" branch="false"/>
						<line number="306" hits="59" branch="false"/>
						<line number="307" hits="56" branch="false"/>
						<line number="308" hits="113" branch="true" condition-coverage="100% (2/2)">
							<conditions>
								<condition number="0" type="jump" coverage="100%"/>
							</conditions>
						</line>
						<line number="309" hits="57" branch="false"/>
						<line number="310" hits="57" branch="true" condition-coverage="50% (3/6)">
							<conditions>
								<condition number="0" type="jump" coverage="100%"/>
								<condition number="1" type="jump" coverage="50%"/>
								<condition number="2" type="jump" coverage="0%"/>
							</conditions>
						</line>
						<line number="312" hits="0" branch="false"/>
						<line number="320" hits="57" branch="false"/>
						<line number="322" hits="3" branch="false"/>
						<line number="324" hits="3" branch="false"/>
						<line number="327" hits="1" branch="false"/>
						<line number="328" hits="1" branch="false"/>
						<line number="335" hits="2" branch="false"/>
						<line number="336" hits="56" branch="false"/>
						<line number="337" hits="58" branch="false"/>
						<line number="342" hits="1" branch="false"/>
						<line number="352" hits="320" branch="false"/>
						<line number="353" hits="320" branch="false"/>
						<line number="354" hits="50584" branch="true" condition-coverage="100% (2/2)">
							<conditions>
								<condition number="0" type="jump" coverage="100%"/>
							</conditions>
						</line>
						<line number="355" hits="50264" branch="false"/>
						<line number="362" hits="0" branch="false"/>
						<line number="363" hits="0" branch="false"/>
						<line number="369" hits="320" branch="false"/>
						<line number="370" hits="320" branch="false"/>
						<line number="375" hits="209" branch="false"/>
						<line number="386" hits="108" branch="false"/>
						<line number="387" hits="0" branch="false"/>
						<line number="388" hits="0" branch="false"/>
						<line number="389" hits="108" branch="false"/>
						<line number="390" hits="108" branch="false"/>
						<line number="391" hits="108" branch="false"/>
						<line number="392" hits="108" branch="false"/>
						<line number="413" hits="382" branch="false"/>
						<line number="414" hits="382" branch="false"/>
						<line number="415" hits="382" branch="false"/>
						<line number="416" hits="382" branch="false"/>
						<line number="418" hits="382" branch="true" condition-coverage="100% (2/2)">
							<conditions>
								<condition number="0" type="jump" coverage="100%"/>
							</conditions>
						</line>
						<line number="419" hits="3" branch="false"/>
						<line number="420" hits="379" branch="true" condition-coverage="50% (1/2)">
							<conditions>
								<condition number="0" type="jump" coverage="50%"/>
							</conditions>
						</line>
						<line number="421" hits="379" branch="false"/>
						<line number="423" hits="0" branch="false"/>
						<line number="429" hits="382" branch="false"/>
						<line number="439" hits="51140" branch="false"/>
						<line number="442" hits="51140" branch="false"/>
						<line number="443" hits="51156" branch="false"/>
						<line number="444" hits="51156" branch="false"/>
						<line number="446" hits="51156" branch="false"/>
						<line number="447" hits="51156" branch="false"/>
						<line number="448" hits="51156" branch="true" condition-coverage="100% (2/2)">
							<conditions>
								<condition number="0" type="jump" coverage="100%"/>
							</conditions>
						</line>
						<line number="449" hits="50272" branch="false"/>
						<line number="451" hits="51156" branch="false"/>
						<line number="452" hits="51156" branch="false"/>
						<line number="456" hits="51143" branch="false"/>
						<line number="457" hits="0" branch="false"/>
						<line number="458" hits="0" branch="false"/>
						<line number="459" hits="0" branch="false"/>
						<line number="460" hits="0" branch="false"/>
						<line number="461" hits="51147" branch="false"/>
						<line number="462" hits="51145" branch="false"/>
						<line number="471" hits="209" branch="false"/>
						<line number="474" hits="209" branch="false"/>
						<line number="475" hits="209" branch="false"/>
						<line number="476" hits="209" branch="false"/>
						<line number="477" hits="209" branch="false"/>
						<line number="478" hits="0" branch="false"/>
						<line number="479" hits="0" branch="false"/>
						<line number="480" hits="0" branch="false"/>
						<line number="481" hits="0" branch="false"/>
						<line number="482" hits="209" branch="false"/>
						<line number="483" hits="209" branch="false"/>
					</lines>
				</class>
				<class name="com.jcabi.xml.XPathContext" filename="com/jcabi/xml/XPathContext.java" line-rate="0.7636363636363637" branch-rate="0.4" complexity="2.4545454545454546">
					<methods>
						<method name="&lt;init&gt;" signature="()V" line-rate="1.0" branch-rate="1.0" complexity="0">
							<lines>
								<line number="77" hits="886" branch="false"/>
								<line number="86" hits="883" branch="false"/>
							</lines>
						</method>
						<method name="&lt;init&gt;" signature="(Lcom/jcabi/immutable/ArrayMap;Lcom/jcabi/immutable/Array;)V" line-rate="1.0" branch-rate="1.0" complexity="0">
							<lines>
								<line number="119" hits="1097" branch="false"/>
								<line number="120" hits="1097" branch="false"/>
								<line number="121" hits="1097" branch="false"/>
								<line number="122" hits="1097" branch="false"/>
							</lines>
						</method>
						<method name="&lt;init&gt;" signature="(Lcom/jcabi/immutable/ArrayMap;Ljava/lang/String;Ljava/lang/Object;)V" line-rate="1.0" branch-rate="1.0" complexity="0">
							<lines>
								<line number="107" hits="5" branch="false"/>
								<line number="111" hits="5" branch="false"/>
							</lines>
						</method>
						<method name="&lt;init&gt;" signature="([Ljava/lang/Object;)V" line-rate="1.0" branch-rate="1.0" complexity="0">
							<lines>
								<line number="93" hits="1" branch="false"/>
								<line number="97" hits="1" branch="false"/>
							</lines>
						</method>
						<method name="add" signature="(Ljava/lang/String;Ljava/lang/Object;)Lcom/jcabi/xml/XPathContext;" line-rate="0.6666666666666666" branch-rate="0.5" complexity="0">
							<lines>
								<line number="193" hits="5" branch="true" condition-coverage="50% (1/2)">
									<conditions>
										<condition number="0" type="jump" coverage="50%"/>
									</conditions>
								</line>
								<line number="194" hits="0" branch="false"/>
								<line number="202" hits="5" branch="false"/>
							</lines>
						</method>
						<method name="equals" signature="(Ljava/lang/Object;)Z" line-rate="1.0" branch-rate="1.0" complexity="0">
							<lines>
							</lines>
						</method>
						<method name="getNamespaceURI" signature="(Ljava/lang/String;)Ljava/lang/String;" line-rate="0.7142857142857143" branch-rate="0.75" complexity="0">
							<lines>
								<line number="131" hits="16" branch="false"/>
								<line number="132" hits="16" branch="true" condition-coverage="100% (2/2)">
									<conditions>
										<condition number="0" type="jump" coverage="100%"/>
									</conditions>
								</line>
								<line number="133" hits="3" branch="true" condition-coverage="50% (1/2)">
									<conditions>
										<condition number="0" type="jump" coverage="50%"/>
									</conditions>
								</line>
								<line number="134" hits="0" branch="false"/>
								<line number="135" hits="0" branch="true" condition-coverage="0% (0/2)">
									<conditions>
										<condition number="0" type="jump" coverage="0%"/>
									</conditions>
								</line>
								<line number="136" hits="0" branch="false"/>
								<line number="138" hits="0" branch="false"/>
								<line number="140" hits="16" branch="true" condition-coverage="100% (2/2)">
									<conditions>
										<condition number="0" type="jump" coverage="100%"/>
									</conditions>
								</line>
								<line number="141" hits="3" branch="true" condition-coverage="100% (2/2)">
									<conditions>
										<condition number="0" type="jump" coverage="100%"/>
									</conditions>
								</line>
								<line number="142" hits="1" branch="false"/>
								<line number="143" hits="2" branch="true" condition-coverage="100% (2/2)">
									<conditions>
										<condition number="0" type="jump" coverage="100%"/>
									</conditions>
								</line>
								<line number="144" hits="1" branch="false"/>
								<line number="146" hits="1" branch="false"/>
								<line number="149" hits="16" branch="false"/>
							</lines>
						</method>
						<method name="getPrefix" signature="(Ljava/lang/String;)Ljava/lang/String;" line-rate="1.0" branch-rate="0.5" complexity="0">
							<lines>
								<line number="154" hits="1" branch="false"/>
								<line number="155" hits="1" branch="false"/>
								<line number="156" hits="1" branch="true" condition-coverage="50% (1/2)">
									<conditions>
										<condition number="0" type="jump" coverage="50%"/>
									</conditions>
								</line>
								<line number="157" hits="1" branch="false"/>
								<line number="159" hits="1" branch="false"/>
							</lines>
						</method>
						<method name="getPrefixes" signature="(Ljava/lang/String;)Ljava/util/Iterator;" line-rate="0.6" branch-rate="0.5833333333333334" complexity="0">
							<lines>
								<line number="164" hits="2" branch="false"/>
								<line number="166" hits="2" branch="true" condition-coverage="100% (2/2)">
									<conditions>
										<condition number="0" type="jump" coverage="100%"/>
									</conditions>
								</line>
								<line number="167" hits="9" branch="true" condition-coverage="100% (2/2)">
									<conditions>
										<condition number="0" type="jump" coverage="100%"/>
									</conditions>
								</line>
								<line number="168" hits="3" branch="false"/>
								<line number="170" hits="9" branch="false"/>
								<line number="171" hits="2" branch="true" condition-coverage="50% (1/2)">
									<conditions>
										<condition number="0" type="jump" coverage="50%"/>
									</conditions>
								</line>
								<line number="172" hits="0" branch="false"/>
								<line number="173" hits="0" branch="true" condition-coverage="0% (0/2)">
									<conditions>
										<condition number="0" type="jump" coverage="0%"/>
									</conditions>
								</line>
								<line number="174" hits="0" branch="false"/>
								<line number="176" hits="0" branch="false"/>
								<line number="177" hits="2" branch="true" condition-coverage="50% (1/2)">
									<conditions>
										<condition number="0" type="jump" coverage="50%"/>
									</conditions>
								</line>
								<line number="178" hits="0" branch="false"/>
								<line number="180" hits="2" branch="true" condition-coverage="50% (1/2)">
									<conditions>
[...]
							<conditions>
								<condition number="0" type="jump" coverage="0%"/>
								<condition number="1" type="jump" coverage="0%"/>
								<condition number="2" type="jump" coverage="0%"/>
								<condition number="3" type="jump" coverage="0%"/>
								<condition number="4" type="jump" coverage="0%"/>
								<condition number="5" type="jump" coverage="0%"/>
							</conditions>
						</line>
						<line number="73" hits="0" branch="false"/>
						<line number="74" hits="0" branch="false"/>
						<line number="80" hits="12" branch="false"/>
						<line number="81" hits="12" branch="false"/>
						<line number="82" hits="12" branch="false"/>
						<line number="91" hits="1" branch="false"/>
						<line number="92" hits="1" branch="false"/>
						<line number="101" hits="0" branch="false"/>
						<line number="102" hits="0" branch="false"/>
						<line number="109" hits="1" branch="false"/>
						<line number="110" hits="1" branch="false"/>
						<line number="129" hits="0" branch="false"/>
						<line number="141" hits="0" branch="false"/>
						<line number="142" hits="0" branch="false"/>
						<line number="143" hits="0" branch="false"/>
						<line number="149" hits="0" branch="false"/>
						<line number="156" hits="71" branch="false"/>
						<line number="157" hits="71" branch="false"/>
						<line number="160" hits="71" branch="false"/>
						<line number="161" hits="0" branch="false"/>
						<line number="162" hits="0" branch="false"/>
						<line number="166" hits="71" branch="false"/>
						<line number="167" hits="71" branch="false"/>
						<line number="169" hits="71" branch="false"/>
						<line number="170" hits="71" branch="false"/>
						<line number="172" hits="71" branch="false"/>
						<line number="173" hits="71" branch="false"/>
						<line number="174" hits="71" branch="false"/>
						<line number="175" hits="0" branch="false"/>
						<line number="176" hits="0" branch="false"/>
						<line number="177" hits="0" branch="false"/>
						<line number="178" hits="0" branch="false"/>
						<line number="179" hits="71" branch="false"/>
						<line number="180" hits="71" branch="false"/>
						<line number="184" hits="71" branch="false"/>
					</lines>
				</class>
				<class name="com.jcabi.xml.XSDDocument$ValidationHandler" filename="com/jcabi/xml/XSDDocument.java" line-rate="0.7777777777777778" branch-rate="1.0" complexity="1.6923076923076923">
					<methods>
						<method name="&lt;init&gt;" signature="(Ljava/util/Collection;)V" line-rate="1.0" branch-rate="1.0" complexity="0">
							<lines>
								<line number="199" hits="77" branch="false"/>
								<line number="200" hits="77" branch="false"/>
								<line number="201" hits="77" branch="false"/>
							</lines>
						</method>
						<method name="error" signature="(Lorg/xml/sax/SAXParseException;)V" line-rate="1.0" branch-rate="1.0" complexity="0">
							<lines>
								<line number="208" hits="982" branch="false"/>
								<line number="209" hits="982" branch="false"/>
							</lines>
						</method>
						<method name="fatalError" signature="(Lorg/xml/sax/SAXParseException;)V" line-rate="0.0" branch-rate="1.0" complexity="0">
							<lines>
								<line number="212" hits="0" branch="false"/>
								<line number="213" hits="0" branch="false"/>
							</lines>
						</method>
						<method name="warning" signature="(Lorg/xml/sax/SAXParseException;)V" line-rate="1.0" branch-rate="1.0" complexity="0">
							<lines>
								<line number="204" hits="5" branch="false"/>
								<line number="205" hits="5" branch="false"/>
							</lines>
						</method>
					</methods>
					<lines>
						<line number="199" hits="77" branch="false"/>
						<line number="200" hits="77" branch="false"/>
						<line number="201" hits="77" branch="false"/>
						<line number="204" hits="5" branch="false"/>
						<line number="205" hits="5" branch="false"/>
						<line number="208" hits="982" branch="false"/>
						<line number="209" hits="982" branch="false"/>
						<line number="212" hits="0" branch="false"/>
						<line number="213" hits="0" branch="false"/>
					</lines>
				</class>
				<class name="com.jcabi.xml.XSL" filename="com/jcabi/xml/XSL.java" line-rate="1.0" branch-rate="1.0" complexity="1.0">
					<methods>
					</methods>
					<lines>
					</lines>
				</class>
				<class name="com.jcabi.xml.XSLChain" filename="com/jcabi/xml/XSLChain.java" line-rate="0.6363636363636364" branch-rate="0.25" complexity="1.8">
					<methods>
						<method name="&lt;init&gt;" signature="(Ljava/util/Collection;)V" line-rate="1.0" branch-rate="1.0" complexity="0">
							<lines>
								<line number="54" hits="1" branch="false"/>
								<line number="55" hits="1" branch="false"/>
								<line number="56" hits="1" branch="false"/>
							</lines>
						</method>
						<method name="applyTo" signature="(Lcom/jcabi/xml/XML;)Ljava/lang/String;" line-rate="0.0" branch-rate="1.0" complexity="0">
							<lines>
								<line number="69" hits="0" branch="false"/>
							</lines>
						</method>
						<method name="equals" signature="(Ljava/lang/Object;)Z" line-rate="1.0" branch-rate="1.0" complexity="0">
							<lines>
							</lines>
						</method>
						<method name="hashCode" signature="()I" line-rate="0.0" branch-rate="0.0" complexity="0">
							<lines>
								<line number="42" hits="0" branch="true" condition-coverage="0% (0/6)">
									<conditions>
										<condition number="0" type="jump" coverage="0%"/>
										<condition number="1" type="jump" coverage="0%"/>
										<condition number="2" type="jump" coverage="0%"/>
									</conditions>
								</line>
							</lines>
						</method>
						<method name="transform" signature="(Lcom/jcabi/xml/XML;)Lcom/jcabi/xml/XML;" line-rate="1.0" branch-rate="1.0" complexity="0">
							<lines>
								<line number="60" hits="1" branch="false"/>
								<line number="61" hits="3" branch="true" condition-coverage="100% (2/2)">
									<conditions>
										<condition number="0" type="jump" coverage="100%"/>
									</conditions>
								</line>
								<line number="62" hits="2" branch="false"/>
								<line number="64" hits="1" branch="false"/>
							</lines>
						</method>
						<method name="with" signature="(Lcom/jcabi/xml/Sources;)Lcom/jcabi/xml/XSL;" line-rate="0.0" branch-rate="1.0" complexity="0">
							<lines>
								<line number="74" hits="0" branch="false"/>
							</lines>
						</method>
						<method name="with" signature="(Ljava/lang/String;Ljava/lang/Object;)Lcom/jcabi/xml/XSL;" line-rate="0.0" branch-rate="1.0" complexity="0">
							<lines>
								<line number="79" hits="0" branch="false"/>
							</lines>
						</method>
					</methods>
					<lines>
						<line number="42" hits="0" branch="true" condition-coverage="0% (0/6)">
							<conditions>
								<condition number="0" type="jump" coverage="0%"/>
								<condition number="1" type="jump" coverage="0%"/>
								<condition number="2" type="jump" coverage="0%"/>
							</conditions>
						</line>
						<line number="54" hits="1" branch="false"/>
						<line number="55" hits="1" branch="false"/>
						<line number="56" hits="1" branch="false"/>
						<line number="60" hits="1" branch="false"/>
						<line number="61" hits="3" branch="true" condition-coverage="100% (2/2)">
							<conditions>
								<condition number="0" type="jump" coverage="100%"/>
							</conditions>
						</line>
						<line number="62" hits="2" branch="false"/>
						<line number="64" hits="1" branch="false"/>
						<line number="69" hits="0" branch="false"/>
						<line number="74" hits="0" branch="false"/>
						<line number="79" hits="0" branch="false"/>
					</lines>
				</class>
				<class name="com.jcabi.xml.XSLDocument" filename="com/jcabi/xml/XSLDocument.java" line-rate="0.6666666666666666" branch-rate="0.14285714285714285" complexity="1.7222222222222223">
					<methods>
						<method name="&lt;clinit&gt;" signature="()V" line-rate="1.0" branch-rate="1.0" complexity="0">
							<lines>
								<line number="96" hits="1" branch="false"/>
								<line number="103" hits="1" branch="false"/>
								<line number="109" hits="1" branch="false"/>
							</lines>
						</method>
						<method name="&lt;init&gt;" signature="(Lcom/jcabi/xml/XML;)V" line-rate="0.0" branch-rate="1.0" complexity="0">
							<lines>
								<line number="144" hits="0" branch="false"/>
								<line number="145" hits="0" branch="false"/>
							</lines>
						</method>
						<method name="&lt;init&gt;" signature="(Ljava/io/InputStream;)V" line-rate="1.0" branch-rate="1.0" complexity="0">
							<lines>
								<line number="172" hits="2" branch="false"/>
								<line number="173" hits="2" branch="false"/>
							</lines>
						</method>
						<method name="&lt;init&gt;" signature="(Ljava/lang/String;)V" line-rate="1.0" branch-rate="1.0" complexity="0">
							<lines>
								<line number="180" hits="9" branch="false"/>
								<line number="181" hits="9" branch="false"/>
							</lines>
						</method>
						<method name="&lt;init&gt;" signature="(Ljava/lang/String;Lcom/jcabi/xml/Sources;)V" line-rate="1.0" branch-rate="1.0" complexity="0">
							<lines>
								<line number="190" hits="9" branch="false"/>
								<line number="191" hits="9" branch="false"/>
							</lines>
						</method>
						<method name="&lt;init&gt;" signature="(Ljava/lang/String;Lcom/jcabi/xml/Sources;Ljava/util/Map;)V" line-rate="1.0" branch-rate="1.0" complexity="0">
							<lines>
								<line number="201" hits="12" branch="false"/>
								<line number="202" hits="12" branch="false"/>
								<line number="203" hits="12" branch="false"/>
								<line number="204" hits="12" branch="false"/>
								<line number="205" hits="12" branch="false"/>
							</lines>
						</method>
						<method name="&lt;init&gt;" signature="(Ljava/net/URI;)V" line-rate="0.0" branch-rate="1.0" complexity="0">
							<lines>
								<line number="164" hits="0" branch="false"/>
								<line number="165" hits="0" branch="false"/>
							</lines>
						</method>
						<method name="&lt;init&gt;" signature="(Ljava/net/URL;)V" line-rate="0.0" branch-rate="1.0" complexity="0">
							<lines>
								<line number="154" hits="0" branch="false"/>
								<line number="155" hits="0" branch="false"/>
							</lines>
						</method>
						<method name="applyTo" signature="(Lcom/jcabi/xml/XML;)Ljava/lang/String;" line-rate="0.6" branch-rate="1.0" complexity="0">
							<lines>
								<line number="276" hits="3" branch="false"/>
								<line number="277" hits="3" branch="false"/>
								<line number="279" hits="3" branch="false"/>
								<line number="280" hits="0" branch="false"/>
								<line number="281" hits="0" branch="false"/>
							</lines>
						</method>
						<method name="equals" signature="(Ljava/lang/Object;)Z" line-rate="1.0" branch-rate="1.0" complexity="0">
							<lines>
							</lines>
						</method>
						<method name="hashCode" signature="()I" line-rate="0.0" branch-rate="0.0" complexity="0">
							<lines>
								<line number="67" hits="0" branch="true" condition-coverage="0% (0/12)">
									<conditions>
										<condition number="0" type="jump" coverage="0%"/>
										<condition number="1" type="jump" coverage="0%"/>
										<condition number="2" type="jump" coverage="0%"/>
										<condition number="3" type="jump" coverage="0%"/>
										<condition number="4" type="jump" coverage="0%"/>
										<condition number="5" type="jump" coverage="0%"/>
									</conditions>
								</line>
							</lines>
						</method>
						<method name="make" signature="(Ljava/io/InputStream;)Lcom/jcabi/xml/XSL;" line-rate="1.0" branch-rate="1.0" complexity="0">
							<lines>
								<line number="236" hits="1" branch="false"/>
							</lines>
						</method>
						<method name="make" signature="(Ljava/net/URL;)Lcom/jcabi/xml/XSL;" line-rate="0.0" branch-rate="1.0" complexity="0">
							<lines>
								<line number="248" hits="0" branch="false"/>
								<line number="249" hits="0" branch="false"/>
								<line number="250" hits="0" branch="false"/>
							</lines>
						</method>
						<method name="toString" signature="()Ljava/lang/String;" line-rate="0.0" branch-rate="1.0" complexity="0">
							<lines>
								<line number="256" hits="0" branch="false"/>
							</lines>
						</method>
						<method name="transform" signature="(Lcom/jcabi/xml/XML;)Lcom/jcabi/xml/XML;" line-rate="0.6666666666666666" branch-rate="1.0" complexity="0">
							<lines>
								<line number="263" hits="56" branch="false"/>
								<line number="265" hits="56" branch="false"/>
								<line number="268" hits="0" branch="false"/>
								<line number="269" hits="0" branch="false"/>
								<line number="270" hits="56" branch="false"/>
								<line number="271" hits="56" branch="false"/>
							</lines>
						</method>
						<method name="transformInto" signature="(Lcom/jcabi/xml/XML;Ljavax/xml/transform/Result;)V" line-rate="0.7777777777777778" branch-rate="1.0" complexity="0">
							<lines>
								<line number="293" hits="59" branch="false"/>
								<line number="294" hits="59" branch="false"/>
								<line number="297" hits="59" branch="false"/>
								<line number="298" hits="59" branch="false"/>
								<line number="299" hits="59" branch="false"/>
								<line number="302" hits="59" branch="false"/>
								<line number="304" hits="59" branch="true" condition-coverage="100% (2/2)">
									<conditions>
										<condition number="0" type="jump" coverage="100%"/>
									</conditions>
								</line>
								<line number="305" hits="2" branch="false"/>
								<line number="306" hits="2" branch="false"/>
								<line number="307" hits="59" branch="false"/>
								<line number="308" hits="0" branch="false"/>
								<line number="309" hits="0" branch="false"/>
								<line number="316" hits="0" branch="false"/>
								<line number="317" hits="0" branch="false"/>
								<line number="324" hits="59" branch="false"/>
								<line number="325" hits="59" branch="false"/>
								<line number="326" hits="59" branch="false"/>
								<line number="327" hits="59" branch="false"/>
							</lines>
						</method>
						<method name="with" signature="(Lcom/jcabi/xml/Sources;)Lcom/jcabi/xml/XSL;" line-rate="1.0" branch-rate="1.0" complexity="0">
							<lines>
								<line number="209" hits="1" branch="false"/>
							</lines>
						</method>
						<method name="with" signature="(Ljava/lang/String;Ljava/lang/Object;)Lcom/jcabi/xml/XSL;" line-rate="1.0" branch-rate="1.0" complexity="0">
							<lines>
								<line number="214" hits="2" branch="false"/>
							</lines>
						</method>
					</methods>
					<lines>
						<line number="67" hits="0" branch="true" condition-coverage="0% (0/12)">
							<conditions>
								<condition number="0" type="jump" coverage="0%"/>
								<condition number="1" type="jump" coverage="0%"/>
								<condition number="2" type="jump" coverage="0%"/>
								<condition number="3" type="jump" coverage="0%"/>
								<condition number="4" type="jump" coverage="0%"/>
								<condition number="5" type="jump" coverage="0%"/>
							</conditions>
						</line>
						<line number="96" hits="1" branch="false"/>
						<line number="103" hits="1" branch="false"/>
						<line number="109" hits="1" branch="false"/>
						<line number="144" hits="0" branch="false"/>
						<line number="145" hits="0" branch="false"/>
						<line number="154" hits="0" branch="false"/>
						<line number="155" hits="0" branch="false"/>
						<line number="164" hits="0" branch="false"/>
						<line number="165" hits="0" branch="false"/>
						<line number="172" hits="2" branch="false"/>
						<line number="173" hits="2" branch="false"/>
						<line number="180" hits="9" branch="false"/>
						<line number="181" hits="9" branch="false"/>
						<line number="190" hits="9" branch="false"/>
						<line number="191" hits="9" branch="false"/>
						<line number="201" hits="12" branch="false"/>
						<line number="202" hits="12" branch="false"/>
						<line number="203" hits="12" branch="false"/>
						<line number="204" hits="12" branch="false"/>
						<line number="205" hits="12" branch="false"/>
						<line number="209" hits="1" branch="false"/>
						<line number="214" hits="2" branch="false"/>
						<line number="236" hits="1" branch="false"/>
						<line number="248" hits="0" branch="false"/>
						<line number="249" hits="0" branch="false"/>
						<line number="250" hits="0" branch="false"/>
						<line number="256" hits="0" branch="false"/>
						<line number="263" hits="56" branch="false"/>
						<line number="265" hits="56" branch="false"/>
						<line number="268" hits="0" branch="false"/>
						<line number="269" hits="0" branch="false"/>
						<line number="270" hits="56" branch="false"/>
						<line number="271" hits="56" branch="false"/>
						<line number="276" hits="3" branch="false"/>
						<line number="277" hits="3" branch="false"/>
						<line number="279" hits="3" branch="false"/>
						<line number="280" hits="0" branch="false"/>
						<line number="281" hits="0" branch="false"/>
						<line number="293" hits="59" branch="false"/>
						<line number="294" hits="59" branch="false"/>
						<line number="297" hits="59" branch="false"/>
						<line number="298" hits="59" branch="false"/>
						<line number="299" hits="59" branch="false"/>
						<line number="302" hits="59" branch="false"/>
						<line number="304" hits="59" branch="true" condition-coverage="100% (2/2)">
							<conditions>
								<condition number="0" type="jump" coverage="100%"/>
							</conditions>
						</line>
						<line number="305" hits="2" branch="false"/>
						<line number="306" hits="2" branch="false"/>
						<line number="307" hits="59" branch="false"/>
						<line number="308" hits="0" branch="false"/>
						<line number="309" hits="0" branch="false"/>
						<line number="316" hits="0" branch="false"/>
						<line number="317" hits="0" branch="false"/>
						<line number="324" hits="59" branch="false"/>
						<line number="325" hits="59" branch="false"/>
						<line number="326" hits="59" branch="false"/>
						<line number="327" hits="59" branch="false"/>
					</lines>
				</class>
				<class name="com.jcabi.xml.XSLDocument$1" filename="com/jcabi/xml/XSLDocument.java" line-rate="0.14285714285714285" branch-rate="1.0" complexity="1.7222222222222223">
					<methods>
						<method name="&lt;init&gt;" signature="()V" line-rate="1.0" branch-rate="1.0" complexity="0">
							<lines>
								<line number="109" hits="1" branch="false"/>
							</lines>
						</method>
						<method name="error" signature="(Ljavax/xml/transform/TransformerException;)V" line-rate="0.0" branch-rate="1.0" complexity="0">
							<lines>
								<line number="116" hits="0" branch="false"/>
								<line number="117" hits="0" branch="false"/>
							</lines>
						</method>
						<method name="fatalError" signature="(Ljavax/xml/transform/TransformerException;)V" line-rate="0.0" branch-rate="1.0" complexity="0">
							<lines>
								<line number="120" hits="0" branch="false"/>
								<line number="121" hits="0" branch="false"/>
							</lines>
						</method>
						<method name="warning" signature="(Ljavax/xml/transform/TransformerException;)V" line-rate="0.0" branch-rate="1.0" complexity="0">
							<lines>
								<line number="112" hits="0" branch="false"/>
								<line number="113" hits="0" branch="false"/>
							</lines>
						</method>
					</methods>
					<lines>
						<line number="109" hits="1" branch="false"/>
						<line number="112" hits="0" branch="false"/>
						<line number="113" hits="0" branch="false"/>
						<line number="116" hits="0" branch="false"/>
						<line number="117" hits="0" branch="false"/>
						<line number="120" hits="0" branch="false"/>
						<line number="121" hits="0" branch="false"/>
					</lines>
				</class>
			</classes>
		</package>
	</packages>
</coverage>
