<?xml version="1.0"?>
<!DOCTYPE coverage SYSTEM "http://cobertura.sourceforge.net/xml/coverage-04.dtd">

<coverage line-rate="0.690846286701209" branch-rate="0.28346456692913385" lines-covered="400" lines-valid="579" branches-covered="72" branches-valid="254" complexity="1.775" version="2.1.1" timestamp="1502780571637">
	<sources>
		<source>/home/r/repo/src/main/java</source>
		<source>/home/r/repo/target/generated-sources/java</source>
		<source>--source</source>
		<source>/home/r/repo/target/generated-sources/annotations</source>
	</sources>
	<packages>
		<package name="com.jcabi.xml" line-rate="0.690846286701209" branch-rate="0.28346456692913385" complexity="1.775">
			<classes>
				<class name="com.jcabi.xml.ClasspathInput" filename="com/jcabi/xml/ClasspathInput.java" line-rate="0.48148148148148145" branch-rate="1.0" complexity="1.2222222222222223">
					<methods>
						<method name="&lt;init&gt;" signature="(Ljava/lang/String;Ljava/lang/String;)V" line-rate="1.0" branch-rate="1.0" complexity="0">
							<lines>
								<line number="66" hits="2" branch="false"/>
								<line number="67" hits="2" branch="false"/>
								<line number="68" hits="2" branch="false"/>
								<line number="69" hits="2" branch="false"/>
							</lines>
						</method>
						<method name="getBaseURI" signature="()Ljava/lang/String;" line-rate="1.0" branch-rate="1.0" complexity="0">
							<lines>
								<line number="93" hits="1" branch="false"/>
							</lines>
						</method>
						<method name="getByteStream" signature="()Ljava/io/InputStream;" line-rate="1.0" branch-rate="1.0" complexity="0">
							<lines>
								<line number="98" hits="1" branch="false"/>
							</lines>
						</method>
						<method name="getCertifiedText" signature="()Z" line-rate="0.0" branch-rate="1.0" complexity="0">
							<lines>
								<line number="104" hits="0" branch="false"/>
							</lines>
						</method>
						<method name="getCharacterStream" signature="()Ljava/io/Reader;" line-rate="1.0" branch-rate="1.0" complexity="0">
							<lines>
								<line number="109" hits="1" branch="false"/>
							</lines>
						</method>
						<method name="getEncoding" signature="()Ljava/lang/String;" line-rate="1.0" branch-rate="1.0" complexity="0">
							<lines>
								<line number="114" hits="1" branch="false"/>
							</lines>
						</method>
						<method name="getPublicId" signature="()Ljava/lang/String;" line-rate="1.0" branch-rate="1.0" complexity="0">
							<lines>
								<line number="73" hits="1" branch="false"/>
							</lines>
						</method>
						<method name="getStringData" signature="()Ljava/lang/String;" line-rate="0.5" branch-rate="1.0" complexity="0">
							<lines>
								<line number="120" hits="4" branch="false"/>
								<line number="138" hits="2" branch="false"/>
								<line number="139" hits="2" branch="false"/>
								<line number="140" hits="0" branch="false"/>
								<line number="141" hits="0" branch="false"/>
								<line number="142" hits="0" branch="false"/>
							</lines>
						</method>
						<method name="getSystemId" signature="()Ljava/lang/String;" line-rate="1.0" branch-rate="1.0" complexity="0">
							<lines>
								<line number="83" hits="1" branch="false"/>
							</lines>
						</method>
						<method name="setBaseURI" signature="(Ljava/lang/String;)V" line-rate="0.0" branch-rate="1.0" complexity="0">
							<lines>
								<line number="154" hits="0" branch="false"/>
							</lines>
						</method>
						<method name="setByteStream" signature="(Ljava/io/InputStream;)V" line-rate="0.0" branch-rate="1.0" complexity="0">
							<lines>
								<line number="159" hits="0" branch="false"/>
							</lines>
						</method>
						<method name="setCertifiedText" signature="(Z)V" line-rate="0.0" branch-rate="1.0" complexity="0">
							<lines>
								<line number="164" hits="0" branch="false"/>
							</lines>
						</method>
						<method name="setCharacterStream" signature="(Ljava/io/Reader;)V" line-rate="0.0" branch-rate="1.0" complexity="0">
							<lines>
								<line number="169" hits="0" branch="false"/>
							</lines>
						</method>
						<method name="setEncoding" signature="(Ljava/lang/String;)V" line-rate="0.0" branch-rate="1.0" complexity="0">
							<lines>
								<line number="174" hits="0" branch="false"/>
							</lines>
						</method>
						<method name="setPublicId" signature="(Ljava/lang/String;)V" line-rate="0.0" branch-rate="1.0" complexity="0">
							<lines>
								<line number="78" hits="0" branch="false"/>
								<line number="79" hits="0" branch="false"/>
							</lines>
						</method>
						<method name="setStringData" signature="(Ljava/lang/String;)V" line-rate="0.0" branch-rate="1.0" complexity="0">
							<lines>
								<line number="179" hits="0" branch="false"/>
							</lines>
						</method>
						<method name="setSystemId" signature="(Ljava/lang/String;)V" line-rate="0.0" branch-rate="1.0" complexity="0">
							<lines>
								<line number="88" hits="0" branch="false"/>
								<line number="89" hits="0" branch="false"/>
							</lines>
						</method>
					</methods>
					<lines>
						<line number="66" hits="2" branch="false"/>
						<line number="67" hits="2" branch="false"/>
						<line number="68" hits="2" branch="false"/>
						<line number="69" hits="2" branch="false"/>
						<line number="73" hits="1" branch="false"/>
						<line number="78" hits="0" branch="false"/>
						<line number="79" hits="0" branch="false"/>
						<line number="83" hits="1" branch="false"/>
						<line number="88" hits="0" branch="false"/>
						<line number="89" hits="0" branch="false"/>
						<line number="93" hits="1" branch="false"/>
						<line number="98" hits="1" branch="false"/>
						<line number="104" hits="0" branch="false"/>
						<line number="109" hits="1" branch="false"/>
						<line number="114" hits="1" branch="false"/>
						<line number="120" hits="4" branch="false"/>
						<line number="138" hits="2" branch="false"/>
						<line number="139" hits="2" branch="false"/>
						<line number="140" hits="0" branch="false"/>
						<line number="141" hits="0" branch="false"/>
						<line number="142" hits="0" branch="false"/>
						<line number="154" hits="0" branch="false"/>
						<line number="159" hits="0" branch="false"/>
						<line number="164" hits="0" branch="false"/>
						<line number="169" hits="0" branch="false"/>
						<line number="174" hits="0" branch="false"/>
						<line number="179" hits="0" branch="false"/>
					</lines>
				</class>
				<class name="com.jcabi.xml.ClasspathInput$1" filename="com/jcabi/xml/ClasspathInput.java" line-rate="0.3333333333333333" branch-rate="1.0" complexity="1.2222222222222223">
					<methods>
						<method name="&lt;init&gt;" signature="(Lcom/jcabi/xml/ClasspathInput;)V" line-rate="1.0" branch-rate="1.0" complexity="0">
							<lines>
							</lines>
						</method>
						<method name="apply" signature="(Ljava/lang/Object;)Ljava/lang/Object;" line-rate="1.0" branch-rate="1.0" complexity="0">
							<lines>
								<line number="124" hits="2" branch="false"/>
							</lines>
						</method>
						<method name="apply" signature="(Ljava/lang/String;)Lorg/cactoos/Input;" line-rate="0.0" branch-rate="1.0" complexity="0">
							<lines>
								<line number="127" hits="0" branch="false"/>
								<line number="128" hits="0" branch="false"/>
							</lines>
						</method>
					</methods>
					<lines>
						<line number="124" hits="2" branch="false"/>
						<line number="127" hits="0" branch="false"/>
						<line number="128" hits="0" branch="false"/>
					</lines>
				</class>
				<class name="com.jcabi.xml.ClasspathResolver" filename="com/jcabi/xml/ClasspathResolver.java" line-rate="1.0" branch-rate="1.0" complexity="3.0">
					<methods>
						<method name="&lt;init&gt;" signature="()V" line-rate="1.0" branch-rate="1.0" complexity="0">
							<lines>
								<line number="43" hits="5" branch="false"/>
							</lines>
						</method>
						<method name="resolveResource" signature="(Ljava/lang/String;Ljava/lang/String;Ljava/lang/String;Ljava/lang/String;Ljava/lang/String;)Lorg/w3c/dom/ls/LSInput;" line-rate="1.0" branch-rate="1.0" complexity="0">
							<lines>
								<line number="50" hits="9" branch="false"/>
								<line number="52" hits="9" branch="false"/>
								<line number="53" hits="9" branch="true" condition-coverage="100% (4/4)">
									<conditions>
										<condition number="0" type="jump" coverage="100%"/>
										<condition number="1" type="jump" coverage="100%"/>
									</conditions>
								</line>
								<line number="54" hits="1" branch="false"/>
								<line number="56" hits="9" branch="false"/>
							</lines>
						</method>
					</methods>
					<lines>
						<line number="43" hits="5" branch="false"/>
						<line number="50" hits="9" branch="false"/>
						<line number="52" hits="9" branch="false"/>
						<line number="53" hits="9" branch="true" condition-coverage="100% (4/4)">
							<conditions>
								<condition number="0" type="jump" coverage="100%"/>
								<condition number="1" type="jump" coverage="100%"/>
							</conditions>
						</line>
						<line number="54" hits="1" branch="false"/>
						<line number="56" hits="9" branch="false"/>
					</lines>
				</class>
				<class name="com.jcabi.xml.ClasspathSources" filename="com/jcabi/xml/ClasspathSources.java" line-rate="0.6842105263157895" branch-rate="0.0625" complexity="1.75">
					<methods>
						<method name="&lt;init&gt;" signature="()V" line-rate="1.0" branch-rate="1.0" complexity="0">
							<lines>
								<line number="61" hits="1" branch="false"/>
								<line number="62" hits="1" branch="false"/>
							</lines>
						</method>
						<method name="&lt;init&gt;" signature="(Ljava/lang/Class;)V" line-rate="1.0" branch-rate="1.0" complexity="0">
							<lines>
								<line number="69" hits="2" branch="false"/>
								<line number="70" hits="1" branch="false"/>
								<line number="72" hits="1" branch="false"/>
								<line number="75" hits="1" branch="false"/>
							</lines>
						</method>
						<method name="&lt;init&gt;" signature="(Ljava/lang/String;)V" line-rate="1.0" branch-rate="1.0" complexity="0">
							<lines>
								<line number="81" hits="2" branch="false"/>
								<line number="82" hits="2" branch="false"/>
								<line number="83" hits="2" branch="false"/>
							</lines>
						</method>
						<method name="equals" signature="(Ljava/lang/Object;)Z" line-rate="1.0" branch-rate="1.0" complexity="0">
							<lines>
							</lines>
						</method>
						<method name="hashCode" signature="()I" line-rate="0.0" branch-rate="0.0" complexity="0">
							<lines>
								<line number="44" hits="0" branch="true" condition-coverage="0% (0/12)">
									<conditions>
										<condition number="0" type="jump" coverage="0%"/>
										<condition number="1" type="jump" coverage="0%"/>
										<condition number="2" type="jump" coverage="0%"/>
										<condition number="3" type="jump" coverage="0%"/>
										<condition number="4" type="jump" coverage="0%"/>
										<condition number="5" type="jump" coverage="0%"/>
									</conditions>
								</line>
							</lines>
						</method>
						<method name="resolve" signature="(Ljava/lang/String;Ljava/lang/String;)Ljavax/xml/transform/Source;" line-rate="0.4444444444444444" branch-rate="0.25" complexity="0">
							<lines>
								<line number="88" hits="4" branch="false"/>
								<line number="89" hits="2" branch="false"/>
								<line number="91" hits="2" branch="true" condition-coverage="50% (1/2)">
									<conditions>
										<condition number="0" type="jump" coverage="50%"/>
									</conditions>
								</line>
								<line number="92" hits="0" branch="false"/>
								<line number="93" hits="0" branch="false"/>
								<line number="95" hits="0" branch="true" condition-coverage="0% (0/2)">
									<conditions>
										<condition number="0" type="jump" coverage="0%"/>
									</conditions>
								</line>
								<line number="96" hits="0" branch="false"/>
								<line number="97" hits="0" branch="false"/>
								<line number="105" hits="2" branch="false"/>
							</lines>
						</method>
					</methods>
					<lines>
						<line number="44" hits="0" branch="true" condition-coverage="0% (0/12)">
							<conditions>
								<condition number="0" type="jump" coverage="0%"/>
								<condition number="1" type="jump" coverage="0%"/>
								<condition number="2" type="jump" coverage="0%"/>
								<condition number="3" type="jump" coverage="0%"/>
								<condition number="4" type="jump" coverage="0%"/>
								<condition number="5" type="jump" coverage="0%"/>
							</conditions>
						</line>
						<line number="61" hits="1" branch="false"/>
						<line number="62" hits="1" branch="false"/>
						<line number="69" hits="2" branch="false"/>
						<line number="70" hits="1" branch="false"/>
						<line number="72" hits="1" branch="false"/>
						<line number="75" hits="1" branch="false"/>
						<line number="81" hits="2" branch="false"/>
						<line number="82" hits="2" branch="false"/>
						<line number="83" hits="2" branch="false"/>
						<line number="88" hits="4" branch="false"/>
						<line number="89" hits="2" branch="false"/>
						<line number="91" hits="2" branch="true" condition-coverage="50% (1/2)">
							<conditions>
								<condition number="0" type="jump" coverage="50%"/>
							</conditions>
						</line>
						<line number="92" hits="0" branch="false"/>
						<line number="93" hits="0" branch="false"/>
						<line number="95" hits="0" branch="true" condition-coverage="0% (0/2)">
							<conditions>
								<condition number="0" type="jump" coverage="0%"/>
							</conditions>
						</line>
						<line number="96" hits="0" branch="false"/>
						<line number="97" hits="0" branch="false"/>
						<line number="105" hits="2" branch="false"/>
					</lines>
				</class>
				<class name="com.jcabi.xml.DomParser" filename="com/jcabi/xml/DomParser.java" line-rate="0.6190476190476191" branch-rate="0.1875" complexity="5.0">
					<methods>
						<method name="&lt;clinit&gt;" signature="()V" line-rate="1.0" branch-rate="1.0" complexity="0">
							<lines>
								<line number="62" hits="1" branch="false"/>
							</lines>
						</method>
						<method name="&lt;init&gt;" signature="(Ljavax/xml/parsers/DocumentBuilderFactory;Ljava/lang/String;)V" line-rate="0.8888888888888888" branch-rate="0.75" complexity="0">
							<lines>
								<line number="85" hits="420" branch="false"/>
								<line number="86" hits="420" branch="true" condition-coverage="50% (1/2)">
									<conditions>
										<condition number="0" type="jump" coverage="50%"/>
									</conditions>
								</line>
								<line number="87" hits="0" branch="false"/>
								<line number="89" hits="420" branch="true" condition-coverage="100% (2/2)">
									<conditions>
										<condition number="0" type="jump" coverage="100%"/>
									</conditions>
								</line>
								<line number="90" hits="3" branch="false"/>
								<line number="91" hits="3" branch="false"/>
								<line number="94" hits="417" branch="false"/>
								<line number="95" hits="417" branch="false"/>
								<line number="96" hits="417" branch="false"/>
							</lines>
						</method>
						<method name="document" signature="()Lorg/w3c/dom/Document;" line-rate="0.4444444444444444" branch-rate="1.0" complexity="0">
							<lines>
								<line number="105" hits="821" branch="false"/>
								<line number="106" hits="408" branch="false"/>
								<line number="108" hits="0" branch="false"/>
								<line number="109" hits="0" branch="false"/>
								<line number="110" hits="0" branch="false"/>
								<line number="111" hits="0" branch="false"/>
								<line number="112" hits="0" branch="false"/>
								<line number="114" hits="409" branch="false"/>
								<line number="115" hits="409" branch="false"/>
							</lines>
						</method>
						<method name="equals" signature="(Ljava/lang/Object;)Z" line-rate="1.0" branch-rate="1.0" complexity="0">
							<lines>
							</lines>
						</method>
						<method name="hashCode" signature="()I" line-rate="0.0" branch-rate="0.0" complexity="0">
							<lines>
								<line number="53" hits="0" branch="true" condition-coverage="0% (0/12)">
									<conditions>
										<condition number="0" type="jump" coverage="0%"/>
										<condition number="1" type="jump" coverage="0%"/>
										<condition number="2" type="jump" coverage="0%"/>
										<condition number="3" type="jump" coverage="0%"/>
										<condition number="4" type="jump" coverage="0%"/>
										<condition number="5" type="jump" coverage="0%"/>
									</conditions>
								</line>
							</lines>
						</method>
						<method name="toString" signature="()Ljava/lang/String;" line-rate="0.0" branch-rate="1.0" complexity="0">
							<lines>
								<line number="52" hits="0" branch="false"/>
							</lines>
						</method>
					</methods>
					<lines>
						<line number="52" hits="0" branch="false"/>
						<line number="53" hits="0" branch="true" condition-coverage="0% (0/12)">
							<conditions>
								<condition number="0" type="jump" coverage="0%"/>
								<condition number="1" type="jump" coverage="0%"/>
								<condition number="2" type="jump" coverage="0%"/>
								<condition number="3" type="jump" coverage="0%"/>
								<condition number="4" type="jump" coverage="0%"/>
								<condition number="5" type="jump" coverage="0%"/>
							</conditions>
						</line>
						<line number="62" hits="1" branch="false"/>
						<line number="85" hits="420" branch="false"/>
						<line number="86" hits="420" branch="true" condition-coverage="50% (1/2)">
							<conditions>
								<condition number="0" type="jump" coverage="50%"/>
							</conditions>
						</line>
						<line number="87" hits="0" branch="false"/>
						<line number="89" hits="420" branch="true" condition-coverage="100% (2/2)">
							<conditions>
								<condition number="0" type="jump" coverage="100%"/>
							</conditions>
						</line>
						<line number="90" hits="3" branch="false"/>
						<line number="91" hits="3" branch="false"/>
						<line number="94" hits="417" branch="false"/>
						<line number="95" hits="417" branch="false"/>
						<line number="96" hits="417" branch="false"/>
						<line number="105" hits="821" branch="false"/>
						<line number="106" hits="408" branch="false"/>
						<line number="108" hits="0" branch="false"/>
						<line number="109" hits="0" branch="false"/>
						<line number="110" hits="0" branch="false"/>
						<line number="111" hits="0" branch="false"/>
						<line number="112" hits="0" branch="false"/>
						<line number="114" hits="409" branch="false"/>
						<line number="115" hits="409" branch="false"/>
					</lines>
				</class>
				<class name="com.jcabi.xml.FileSources" filename="com/jcabi/xml/FileSources.java" line-rate="0.5263157894736842" branch-rate="0.05555555555555555" complexity="2.75">
					<methods>
						<method name="&lt;init&gt;" signature="()V" line-rate="1.0" branch-rate="1.0" complexity="0">
							<lines>
								<line number="66" hits="1" branch="false"/>
								<line number="67" hits="1" branch="false"/>
							</lines>
						</method>
						<method name="&lt;init&gt;" signature="(Ljava/io/File;)V" line-rate="1.0" branch-rate="1.0" complexity="0">
							<lines>
								<line number="81" hits="1" branch="false"/>
								<line number="82" hits="1" branch="false"/>
								<line number="83" hits="1" branch="false"/>
							</lines>
						</method>
						<method name="&lt;init&gt;" signature="(Ljava/lang/String;)V" line-rate="1.0" branch-rate="1.0" complexity="0">
							<lines>
								<line number="74" hits="1" branch="false"/>
								<line number="75" hits="1" branch="false"/>
							</lines>
						</method>
						<method name="equals" signature="(Ljava/lang/Object;)Z" line-rate="1.0" branch-rate="1.0" complexity="0">
							<lines>
							</lines>
						</method>
						<method name="hashCode" signature="()I" line-rate="0.0" branch-rate="0.0" complexity="0">
							<lines>
								<line number="54" hits="0" branch="true" condition-coverage="0% (0/12)">
									<conditions>
										<condition number="0" type="jump" coverage="0%"/>
										<condition number="1" type="jump" coverage="0%"/>
										<condition number="2" type="jump" coverage="0%"/>
										<condition number="3" type="jump" coverage="0%"/>
										<condition number="4" type="jump" coverage="0%"/>
										<condition number="5" type="jump" coverage="0%"/>
									</conditions>
								</line>
							</lines>
						</method>
						<method name="resolve" signature="(Ljava/lang/String;Ljava/lang/String;)Ljavax/xml/transform/Source;" line-rate="0.2727272727272727" branch-rate="0.16666666666666666" complexity="0">
							<lines>
								<line number="88" hits="1" branch="false"/>
								<line number="89" hits="1" branch="true" condition-coverage="50% (1/2)">
									<conditions>
										<condition number="0" type="jump" coverage="50%"/>
									</conditions>
								</line>
								<line number="90" hits="0" branch="true" condition-coverage="0% (0/2)">
									<conditions>
										<condition number="0" type="jump" coverage="0%"/>
									</conditions>
								</line>
								<line number="91" hits="0" branch="false"/>
								<line number="93" hits="0" branch="false"/>
								<line number="95" hits="0" branch="true" condition-coverage="0% (0/2)">
									<conditions>
										<condition number="0" type="jump" coverage="0%"/>
									</conditions>
								</line>
								<line number="96" hits="0" branch="false"/>
								<line number="97" hits="0" branch="false"/>
								<line number="105" hits="1" branch="false"/>
								<line number="106" hits="0" branch="false"/>
								<line number="107" hits="0" branch="false"/>
							</lines>
						</method>
					</methods>
					<lines>
						<line number="54" hits="0" branch="true" condition-coverage="0% (0/12)">
							<conditions>
								<condition number="0" type="jump" coverage="0%"/>
								<condition number="1" type="jump" coverage="0%"/>
								<condition number="2" type="jump" coverage="0%"/>
								<condition number="3" type="jump" coverage="0%"/>
								<condition number="4" type="jump" coverage="0%"/>
								<condition number="5" type="jump" coverage="0%"/>
							</conditions>
						</line>
						<line number="66" hits="1" branch="false"/>
						<line number="67" hits="1" branch="false"/>
						<line number="74" hits="1" branch="false"/>
						<line number="75" hits="1" branch="false"/>
						<line number="81" hits="1" branch="false"/>
						<line number="82" hits="1" branch="false"/>
						<line number="83" hits="1" branch="false"/>
						<line number="88" hits="1" branch="false"/>
						<line number="89" hits="1" branch="true" condition-coverage="50% (1/2)">
							<conditions>
								<condition number="0" type="jump" coverage="50%"/>
							</conditions>
						</line>
						<line number="90" hits="0" branch="true" condition-coverage="0% (0/2)">
							<conditions>
								<condition number="0" type="jump" coverage="0%"/>
							</conditions>
						</line>
						<line number="91" hits="0" branch="false"/>
						<line number="93" hits="0" branch="false"/>
						<line number="95" hits="0" branch="true" condition-coverage="0% (0/2)">
							<conditions>
								<condition number="0" type="jump" coverage="0%"/>
							</conditions>
						</line>
						<line number="96" hits="0" branch="false"/>
						<line number="97" hits="0" branch="false"/>
						<line number="105" hits="1" branch="false"/>
						<line number="106" hits="0" branch="false"/>
						<line number="107" hits="0" branch="false"/>
					</lines>
				</class>
				<class name="com.jcabi.xml.ListWrapper" filename="com/jcabi/xml/ListWrapper.java" line-rate="0.30952380952380953" branch-rate="0.058823529411764705" complexity="1.7037037037037037">
					<methods>
						<method name="&lt;init&gt;" signature="(Ljava/util/List;Lorg/w3c/dom/Node;Ljava/lang/String;)V" line-rate="1.0" branch-rate="1.0" complexity="0">
							<lines>
								<line number="112" hits="381" branch="false"/>
								<line number="113" hits="381" branch="false"/>
								<line number="114" hits="381" branch="false"/>
								<line number="115" hits="381" branch="false"/>
								<line number="116" hits="381" branch="false"/>
							</lines>
						</method>
						<method name="add" signature="(ILjava/lang/Object;)V" line-rate="0.0" branch-rate="1.0" complexity="0">
							<lines>
								<line number="130" hits="0" branch="false"/>
							</lines>
						</method>
						<method name="add" signature="(Ljava/lang/Object;)Z" line-rate="0.0" branch-rate="1.0" complexity="0">
							<lines>
								<line number="125" hits="0" branch="false"/>
							</lines>
						</method>
						<method name="addAll" signature="(ILjava/util/Collection;)Z" line-rate="0.0" branch-rate="1.0" complexity="0">
							<lines>
								<line number="140" hits="0" branch="false"/>
							</lines>
						</method>
						<method name="addAll" signature="(Ljava/util/Collection;)Z" line-rate="0.0" branch-rate="1.0" complexity="0">
							<lines>
								<line number="135" hits="0" branch="false"/>
							</lines>
						</method>
						<method name="clear" signature="()V" line-rate="0.0" branch-rate="1.0" complexity="0">
							<lines>
								<line number="145" hits="0" branch="false"/>
							</lines>
						</method>
						<method name="contains" signature="(Ljava/lang/Object;)Z" line-rate="0.0" branch-rate="1.0" complexity="0">
							<lines>
								<line number="150" hits="0" branch="false"/>
							</lines>
						</method>
						<method name="containsAll" signature="(Ljava/util/Collection;)Z" line-rate="0.0" branch-rate="1.0" complexity="0">
							<lines>
								<line number="155" hits="0" branch="false"/>
							</lines>
						</method>
						<method name="equals" signature="(Ljava/lang/Object;)Z" line-rate="1.0" branch-rate="1.0" complexity="0">
							<lines>
							</lines>
						</method>
						<method name="get" signature="(I)Ljava/lang/Object;" line-rate="1.0" branch-rate="1.0" complexity="0">
							<lines>
								<line number="160" hits="115" branch="true" condition-coverage="100% (2/2)">
									<conditions>
										<condition number="0" type="jump" coverage="100%"/>
									</conditions>
								</line>
								<line number="161" hits="1" branch="false"/>
								<line number="162" hits="1" branch="false"/>
								<line number="164" hits="1" branch="false"/>
								<line number="170" hits="114" branch="false"/>
							</lines>
						</method>
						<method name="hashCode" signature="()I" line-rate="0.0" branch-rate="0.0" complexity="0">
							<lines>
								<line number="87" hits="0" branch="true" condition-coverage="0% (0/28)">
									<conditions>
										<condition number="0" type="jump" coverage="0%"/>
										<condition number="1" type="jump" coverage="0%"/>
										<condition number="2" type="jump" coverage="0%"/>
										<condition number="3" type="jump" coverage="0%"/>
										<condition number="4" type="jump" coverage="0%"/>
										<condition number="5" type="jump" coverage="0%"/>
										<condition number="6" type="jump" coverage="0%"/>
										<condition number="7" type="jump" coverage="0%"/>
										<condition number="8" type="jump" coverage="0%"/>
										<condition number="9" type="jump" coverage="0%"/>
										<condition number="10" type="jump" coverage="0%"/>
										<condition number="11" type="jump" coverage="0%"/>
										<condition number="12" type="jump" coverage="0%"/>
										<condition number="13" type="jump" coverage="0%"/>
									</conditions>
								</line>
							</lines>
						</method>
						<method name="indexOf" signature="(Ljava/lang/Object;)I" line-rate="0.0" branch-rate="1.0" complexity="0">
							<lines>
								<line number="175" hits="0" branch="false"/>
							</lines>
						</method>
						<method name="isEmpty" signature="()Z" line-rate="1.0" branch-rate="1.0" complexity="0">
							<lines>
								<line number="180" hits="209" branch="false"/>
							</lines>
						</method>
						<method name="iterator" signature="()Ljava/util/Iterator;" line-rate="1.0" branch-rate="1.0" complexity="0">
							<lines>
								<line number="185" hits="52" branch="false"/>
							</lines>
						</method>
						<method name="lastIndexOf" signature="(Ljava/lang/Object;)I" line-rate="0.0" branch-rate="1.0" complexity="0">
							<lines>
								<line number="190" hits="0" branch="false"/>
							</lines>
						</method>
						<method name="listIterator" signature="()Ljava/util/ListIterator;" line-rate="0.0" branch-rate="1.0" complexity="0">
							<lines>
								<line number="195" hits="0" branch="false"/>
							</lines>
						</method>
						<method name="listIterator" signature="(I)Ljava/util/ListIterator;" line-rate="0.0" branch-rate="1.0" complexity="0">
							<lines>
								<line number="200" hits="0" branch="false"/>
							</lines>
						</method>
						<method name="remove" signature="(I)Ljava/lang/Object;" line-rate="0.0" branch-rate="1.0" complexity="0">
							<lines>
								<line number="205" hits="0" branch="false"/>
							</lines>
						</method>
						<method name="remove" signature="(Ljava/lang/Object;)Z" line-rate="0.0" branch-rate="1.0" complexity="0">
							<lines>
								<line number="210" hits="0" branch="false"/>
							</lines>
						</method>
						<method name="removeAll" signature="(Ljava/util/Collection;)Z" line-rate="0.0" branch-rate="1.0" complexity="0">
							<lines>
								<line number="215" hits="0" branch="false"/>
							</lines>
						</method>
						<method name="retainAll" signature="(Ljava/util/Collection;)Z" line-rate="0.0" branch-rate="1.0" complexity="0">
							<lines>
								<line number="220" hits="0" branch="false"/>
							</lines>
						</method>
						<method name="set" signature="(ILjava/lang/Object;)Ljava/lang/Object;" line-rate="0.0" branch-rate="1.0" complexity="0">
							<lines>
								<line number="225" hits="0" branch="false"/>
							</lines>
						</method>
						<method name="size" signature="()I" line-rate="1.0" branch-rate="1.0" complexity="0">
							<lines>
								<line number="230" hits="121" branch="false"/>
							</lines>
						</method>
						<method name="subList" signature="(II)Ljava/util/List;" line-rate="0.0" branch-rate="0.0" complexity="0">
							<lines>
								<line number="235" hits="0" branch="true" condition-coverage="0% (0/2)">
									<conditions>
										<condition number="0" type="jump" coverage="0%"/>
									</conditions>
								</line>
								<line number="236" hits="0" branch="false"/>
								<line number="237" hits="0" branch="false"/>
								<line number="239" hits="0" branch="false"/>
								<line number="245" hits="0" branch="true" condition-coverage="0% (0/2)">
									<conditions>
										<condition number="0" type="jump" coverage="0%"/>
									</conditions>
								</line>
								<line number="246" hits="0" branch="false"/>
								<line number="247" hits="0" branch="false"/>
								<line number="249" hits="0" branch="false"/>
								<line number="255" hits="0" branch="false"/>
							</lines>
						</method>
						<method name="toArray" signature="()[Ljava/lang/Object;" line-rate="0.0" branch-rate="1.0" complexity="0">
							<lines>
								<line number="260" hits="0" branch="false"/>
							</lines>
						</method>
						<method name="toArray" signature="([Ljava/lang/Object;)[Ljava/lang/Object;" line-rate="0.0" branch-rate="1.0" complexity="0">
							<lines>
								<line number="266" hits="0" branch="false"/>
							</lines>
						</method>
						<method name="toString" signature="()Ljava/lang/String;" line-rate="0.0" branch-rate="1.0" complexity="0">
							<lines>
								<line number="120" hits="0" branch="false"/>
							</lines>
						</method>
					</methods>
					<lines>
						<line number="87" hits="0" branch="true" condition-coverage="0% (0/28)">
							<conditions>
								<condition number="0" type="jump" coverage="0%"/>
								<condition number="1" type="jump" coverage="0%"/>
								<condition number="2" type="jump" coverage="0%"/>
								<condition number="3" type="jump" coverage="0%"/>
								<condition number="4" type="jump" coverage="0%"/>
								<condition number="5" type="jump" coverage="0%"/>
								<condition number="6" type="jump" coverage="0%"/>
								<condition number="7" type="jump" coverage="0%"/>
								<condition number="8" type="jump" coverage="0%"/>
								<condition number="9" type="jump" coverage="0%"/>
								<condition number="10" type="jump" coverage="0%"/>
								<condition number="11" type="jump" coverage="0%"/>
								<condition number="12" type="jump" coverage="0%"/>
								<condition number="13" type="jump" coverage="0%"/>
							</conditions>
						</line>
						<line number="112" hits="381" branch="false"/>
						<line number="113" hits="381" branch="false"/>
						<line number="114" hits="381" branch="false"/>
						<line number="115" hits="381" branch="false"/>
						<line number="116" hits="381" branch="false"/>
						<line number="120" hits="0" branch="false"/>
						<line number="125" hits="0" branch="false"/>
						<line number="130" hits="0" branch="false"/>
						<line number="135" hits="0" branch="false"/>
						<line number="140" hits="0" branch="false"/>
						<line number="145" hits="0" branch="false"/>
						<line number="150" hits="0" branch="false"/>
						<line number="155" hits="0" branch="false"/>
						<line number="160" hits="115" branch="true" condition-coverage="100% (2/2)">
							<conditions>
								<condition number="0" type="jump" coverage="100%"/>
							</conditions>
						</line>
						<line number="161" hits="1" branch="false"/>
						<line number="162" hits="1" branch="false"/>
						<line number="164" hits="1" branch="false"/>
						<line number="170" hits="114" branch="false"/>
						<line number="175" hits="0" branch="false"/>
						<line number="180" hits="209" branch="false"/>
						<line number="185" hits="52" branch="false"/>
						<line number="190" hits="0" branch="false"/>
						<line number="195" hits="0" branch="false"/>
						<line number="200" hits="0" branch="false"/>
						<line number="205" hits="0" branch="false"/>
						<line number="210" hits="0" branch="false"/>
						<line number="215" hits="0" branch="false"/>
						<line number="220" hits="0" branch="false"/>
						<line number="225" hits="0" branch="false"/>
						<line number="230" hits="121" branch="false"/>
						<line number="235" hits="0" branch="true" condition-coverage="0% (0/2)">
							<conditions>
								<condition number="0" type="jump" coverage="0%"/>
							</conditions>
						</line>
						<line number="236" hits="0" branch="false"/>
						<line number="237" hits="0" branch="false"/>
						<line number="239" hits="0" branch="false"/>
						<line number="245" hits="0" branch="true" condition-coverage="0% (0/2)">
							<conditions>
								<condition number="0" type="jump" coverage="0%"/>
							</conditions>
						</line>
						<line number="246" hits="0" branch="false"/>
						<line number="247" hits="0" branch="false"/>
						<line number="249" hits="0" branch="false"/>
						<line number="255" hits="0" branch="false"/>
						<line number="260" hits="0" branch="false"/>
						<line number="266" hits="0" branch="false"/>
					</lines>
				</class>
				<class name="com.jcabi.xml.ListWrapper$NodeNotFoundException" filename="com/jcabi/xml/ListWrapper.java" line-rate="1.0" branch-rate="0.8333333333333334" complexity="1.7037037037037037">
					<methods>
						<method name="&lt;init&gt;" signature="(Ljava/lang/String;Lorg/w3c/dom/Node;Ljava/lang/CharSequence;)V" line-rate="1.0" branch-rate="1.0" complexity="0">
							<lines>
								<line number="286" hits="2" branch="false"/>
								<line number="287" hits="1" branch="false"/>
								<line number="289" hits="1" branch="false"/>
								<line number="290" hits="1" branch="false"/>
								<line number="291" hits="1" branch="false"/>
								<line number="296" hits="1" branch="false"/>
							</lines>
						</method>
						<method name="escapeUnicode" signature="(Ljava/lang/CharSequence;)Ljava/lang/String;" line-rate="1.0" branch-rate="0.8333333333333334" complexity="0">
							<lines>
								<line number="304" hits="2" branch="false"/>
								<line number="305" hits="2" branch="false"/>
								<line number="306" hits="84" branch="true" condition-coverage="100% (2/2)">
									<conditions>
										<condition number="0" type="jump" coverage="100%"/>
									</conditions>
								</line>
								<line number="307" hits="82" branch="false"/>
								<line number="309" hits="82" branch="true" condition-coverage="75% (3/4)">
									<conditions>
										<condition number="0" type="jump" coverage="100%"/>
										<condition number="1" type="jump" coverage="50%"/>
									</conditions>
								</line>
								<line number="310" hits="2" branch="false"/>
								<line number="312" hits="80" branch="false"/>
								<line number="315" hits="2" branch="false"/>
							</lines>
						</method>
					</methods>
					<lines>
						<line number="286" hits="2" branch="false"/>
						<line number="287" hits="1" branch="false"/>
						<line number="289" hits="1" branch="false"/>
						<line number="290" hits="1" branch="false"/>
						<line number="291" hits="1" branch="false"/>
						<line number="296" hits="1" branch="false"/>
						<line number="304" hits="2" branch="false"/>
						<line number="305" hits="2" branch="false"/>
						<line number="306" hits="84" branch="true" condition-coverage="100% (2/2)">
							<conditions>
								<condition number="0" type="jump" coverage="100%"/>
							</conditions>
						</line>
						<line number="307" hits="82" branch="false"/>
						<line number="309" hits="82" branch="true" condition-coverage="75% (3/4)">
							<conditions>
								<condition number="0" type="jump" coverage="100%"/>
								<condition number="1" type="jump" coverage="50%"/>
							</conditions>
						</line>
						<line number="310" hits="2" branch="false"/>
						<line number="312" hits="80" branch="false"/>
						<line number="315" hits="2" branch="false"/>
					</lines>
				</class>
				<class name="com.jcabi.xml.Sources" filename="com/jcabi/xml/Sources.java" line-rate="1.0" branch-rate="1.0" complexity="2.0">
					<methods>
					</methods>
					<lines>
					</lines>
				</class>
				<class name="com.jcabi.xml.Sources$1" filename="com/jcabi/xml/Sources.java" line-rate="0.3333333333333333" branch-rate="1.0" complexity="2.0">
					<methods>
						<method name="&lt;init&gt;" signature="()V" line-rate="1.0" branch-rate="1.0" complexity="0">
							<lines>
								<line number="48" hits="1" branch="false"/>
							</lines>
						</method>
						<method name="resolve" signature="(Ljava/lang/String;Ljava/lang/String;)Ljavax/xml/transform/Source;" line-rate="0.0" branch-rate="1.0" complexity="0">
							<lines>
								<line number="51" hits="0" branch="false"/>
								<line number="52" hits="0" branch="false"/>
							</lines>
						</method>
					</methods>
					<lines>
						<line number="48" hits="1" branch="false"/>
						<line number="51" hits="0" branch="false"/>
						<line number="52" hits="0" branch="false"/>
					</lines>
				</class>
				<class name="com.jcabi.xml.StrictXML" filename="com/jcabi/xml/StrictXML.java" line-rate="0.8378378378378378" branch-rate="0.38461538461538464" complexity="2.0">
					<methods>
						<method name="&lt;init&gt;" signature="(Lcom/jcabi/xml/XML;)V" line-rate="1.0" branch-rate="1.0" complexity="0">
							<lines>
								<line number="76" hits="5" branch="false"/>
								<line number="77" hits="2" branch="false"/>
							</lines>
						</method>
						<method name="&lt;init&gt;" signature="(Lcom/jcabi/xml/XML;Lcom/jcabi/xml/XSD;)V" line-rate="1.0" branch-rate="1.0" complexity="0">
							<lines>
								<line number="104" hits="52" branch="false"/>
								<line number="105" hits="1" branch="false"/>
							</lines>
						</method>
						<method name="&lt;init&gt;" signature="(Lcom/jcabi/xml/XML;Ljava/util/Collection;)V" line-rate="1.0" branch-rate="1.0" complexity="0">
							<lines>
								<line number="114" hits="58" branch="false"/>
								<line number="115" hits="58" branch="true" condition-coverage="100% (2/2)">
									<conditions>
										<condition number="0" type="jump" coverage="100%"/>
									</conditions>
								</line>
								<line number="116" hits="108" branch="false"/>
								<line number="119" hits="54" branch="false"/>
								<line number="120" hits="54" branch="false"/>
								<line number="123" hits="54" branch="false"/>
								<line number="124" hits="54" branch="false"/>
								<line number="126" hits="54" branch="false"/>
								<line number="127" hits="54" branch="false"/>
								<line number="131" hits="4" branch="false"/>
								<line number="132" hits="4" branch="false"/>
							</lines>
						</method>
						<method name="&lt;init&gt;" signature="(Lcom/jcabi/xml/XML;Ljavax/xml/validation/Validator;)V" line-rate="1.0" branch-rate="1.0" complexity="0">
							<lines>
								<line number="95" hits="6" branch="false"/>
								<line number="96" hits="3" branch="false"/>
							</lines>
						</method>
						<method name="&lt;init&gt;" signature="(Lcom/jcabi/xml/XML;Lorg/w3c/dom/ls/LSResourceResolver;)V" line-rate="1.0" branch-rate="1.0" complexity="0">
							<lines>
								<line number="86" hits="5" branch="false"/>
								<line number="87" hits="2" branch="false"/>
							</lines>
						</method>
						<method name="equals" signature="(Ljava/lang/Object;)Z" line-rate="1.0" branch-rate="1.0" complexity="0">
							<lines>
							</lines>
						</method>
						<method name="hashCode" signature="()I" line-rate="0.0" branch-rate="0.0" complexity="0">
							<lines>
								<line number="63" hits="0" branch="true" condition-coverage="0% (0/12)">
									<conditions>
										<condition number="0" type="jump" coverage="0%"/>
										<condition number="1" type="jump" coverage="0%"/>
										<condition number="2" type="jump" coverage="0%"/>
										<condition number="3" type="jump" coverage="0%"/>
										<condition number="4" type="jump" coverage="0%"/>
										<condition number="5" type="jump" coverage="0%"/>
									</conditions>
								</line>
							</lines>
						</method>
						<method name="join" signature="(Ljava/lang/Iterable;Ljava/lang/String;)Ljava/lang/String;" line-rate="1.0" branch-rate="0.6666666666666666" complexity="0">
							<lines>
								<line number="193" hits="108" branch="false"/>
								<line number="194" hits="108" branch="false"/>
								<line number="196" hits="108" branch="false"/>
								<line number="197" hits="108" branch="true" condition-coverage="50% (1/2)">
									<conditions>
										<condition number="0" type="jump" coverage="50%"/>
									</conditions>
								</line>
								<line number="198" hits="108" branch="false"/>
								<line number="200" hits="220" branch="true" condition-coverage="100% (2/2)">
									<conditions>
										<condition number="0" type="jump" coverage="100%"/>
									</conditions>
								</line>
								<line number="201" hits="112" branch="false"/>
								<line number="202" hits="112" branch="false"/>
								<line number="203" hits="112" branch="true" condition-coverage="50% (1/2)">
									<conditions>
										<condition number="0" type="jump" coverage="50%"/>
									</conditions>
								</line>
								<line number="204" hits="112" branch="false"/>
								<line number="206" hits="112" branch="false"/>
								<line number="207" hits="108" branch="false"/>
							</lines>
						</method>
						<method name="merge" signature="(Ljavax/xml/namespace/NamespaceContext;)Lcom/jcabi/xml/XML;" line-rate="0.0" branch-rate="1.0" complexity="0">
							<lines>
								<line number="156" hits="0" branch="false"/>
							</lines>
						</method>
						<method name="newValidator" signature="(Lorg/w3c/dom/ls/LSResourceResolver;)Ljavax/xml/validation/Validator;" line-rate="0.75" branch-rate="1.0" complexity="0">
							<lines>
								<line number="258" hits="5" branch="false"/>
								<line number="259" hits="5" branch="false"/>
								<line number="260" hits="5" branch="false"/>
								<line number="261" hits="5" branch="false"/>
								<line number="262" hits="5" branch="false"/>
								<line number="263" hits="5" branch="false"/>
								<line number="264" hits="0" branch="false"/>
								<line number="265" hits="0" branch="false"/>
							</lines>
						</method>
						<method name="node" signature="()Lorg/w3c/dom/Node;" line-rate="0.0" branch-rate="1.0" complexity="0">
							<lines>
								<line number="161" hits="0" branch="false"/>
							</lines>
						</method>
						<method name="nodes" signature="(Ljava/lang/String;)Ljava/util/List;" line-rate="0.0" branch-rate="1.0" complexity="0">
							<lines>
								<line number="146" hits="0" branch="false"/>
							</lines>
						</method>
						<method name="print" signature="(Ljava/util/Collection;)Ljava/lang/Iterable;" line-rate="1.0" branch-rate="1.0" complexity="0">
							<lines>
								<line number="171" hits="108" branch="false"/>
								<line number="172" hits="108" branch="true" condition-coverage="100% (2/2)">
									<conditions>
										<condition number="0" type="jump" coverage="100%"/>
									</conditions>
								</line>
								<line number="173" hits="440" branch="false"/>
								<line number="174" hits="220" branch="false"/>
								<line number="176" hits="220" branch="false"/>
								<line number="177" hits="220" branch="false"/>
								<line number="178" hits="220" branch="false"/>
								<line number="181" hits="220" branch="false"/>
								<line number="182" hits="108" branch="false"/>
							</lines>
						</method>
						<method name="registerNs" signature="(Ljava/lang/String;Ljava/lang/Object;)Lcom/jcabi/xml/XML;" line-rate="0.0" branch-rate="1.0" complexity="0">
							<lines>
								<line number="151" hits="0" branch="false"/>
							</lines>
						</method>
						<method name="toString" signature="()Ljava/lang/String;" line-rate="0.0" branch-rate="1.0" complexity="0">
							<lines>
								<line number="136" hits="0" branch="false"/>
							</lines>
						</method>
						<method name="validate" signature="(Lcom/jcabi/xml/XML;Ljavax/xml/validation/Validator;)Ljava/util/Collection;" line-rate="0.8421052631578947" branch-rate="0.5" complexity="0">
							<lines>
								<line number="219" hits="6" branch="false"/>
								<line number="221" hits="6" branch="false"/>
								<line number="223" hits="6" branch="false"/>
								<line number="226" hits="6" branch="false"/>
								<line number="227" hits="8" branch="true" condition-coverage="50% (1/2)">
									<conditions>
										<condition number="0" type="jump" coverage="50%"/>
									</conditions>
								</line>
								<line number="229" hits="8" branch="false"/>
								<line number="230" hits="6" branch="false"/>
								<line number="231" hits="2" branch="false"/>
								<line number="232" hits="4" branch="false"/>
								<line number="235" hits="2" branch="false"/>
								<line number="236" hits="2" branch="false"/>
								<line number="237" hits="2" branch="false"/>
								<line number="238" hits="2" branch="false"/>
								<line number="240" hits="2" branch="true" condition-coverage="50% (1/2)">
									<conditions>
										<condition number="0" type="jump" coverage="50%"/>
									</conditions>
								</line>
								<line number="241" hits="0" branch="false"/>
								<line number="245" hits="0" branch="false"/>
								<line number="246" hits="0" branch="false"/>
								<line number="247" hits="6" branch="false"/>
								<line number="248" hits="6" branch="false"/>
							</lines>
						</method>
						<method name="xpath" signature="(Ljava/lang/String;)Ljava/util/List;" line-rate="0.0" branch-rate="1.0" complexity="0">
							<lines>
								<line number="141" hits="0" branch="false"/>
							</lines>
						</method>
					</methods>
					<lines>
						<line number="63" hits="0" branch="true" condition-coverage="0% (0/12)">
							<conditions>
								<condition number="0" type="jump" coverage="0%"/>
								<condition number="1" type="jump" coverage="0%"/>
								<condition number="2" type="jump" coverage="0%"/>
								<condition number="3" type="jump" coverage="0%"/>
								<condition number="4" type="jump" coverage="0%"/>
								<condition number="5" type="jump" coverage="0%"/>
							</conditions>
						</line>
						<line number="76" hits="5" branch="false"/>
						<line number="77" hits="2" branch="false"/>
						<line number="86" hits="5" branch="false"/>
						<line number="87" hits="2" branch="false"/>
						<line number="95" hits="6" branch="false"/>
						<line number="96" hits="3" branch="false"/>
						<line number="104" hits="52" branch="false"/>
						<line number="105" hits="1" branch="false"/>
						<line number="114" hits="58" branch="false"/>
						<line number="115" hits="58" branch="true" condition-coverage="100% (2/2)">
							<conditions>
								<condition number="0" type="jump" coverage="100%"/>
							</conditions>
						</line>
						<line number="116" hits="108" branch="false"/>
						<line number="119" hits="54" branch="false"/>
						<line number="120" hits="54" branch="false"/>
						<line number="123" hits="54" branch="false"/>
						<line number="124" hits="54" branch="false"/>
						<line number="126" hits="54" branch="false"/>
						<line number="127" hits="54" branch="false"/>
						<line number="131" hits="4" branch="false"/>
						<line number="132" hits="4" branch="false"/>
						<line number="136" hits="0" branch="false"/>
						<line number="141" hits="0" branch="false"/>
						<line number="146" hits="0" branch="false"/>
						<line number="151" hits="0" branch="false"/>
						<line number="156" hits="0" branch="false"/>
						<line number="161" hits="0" branch="false"/>
						<line number="171" hits="108" branch="false"/>
						<line number="172" hits="108" branch="true" condition-coverage="100% (2/2)">
							<conditions>
								<condition number="0" type="jump" coverage="100%"/>
							</conditions>
						</line>
						<line number="173" hits="440" branch="false"/>
						<line number="174" hits="220" branch="false"/>
						<line number="176" hits="220" branch="false"/>
						<line number="177" hits="220" branch="false"/>
						<line number="178" hits="220" branch="false"/>
						<line number="181" hits="220" branch="false"/>
						<line number="182" hits="108" branch="false"/>
						<line number="193" hits="108" branch="false"/>
						<line number="194" hits="108" branch="false"/>
						<line number="196" hits="108" branch="false"/>
						<line number="197" hits="108" branch="true" condition-coverage="50% (1/2)">
							<conditions>
								<condition number="0" type="jump" coverage="50%"/>
							</conditions>
						</line>
						<line number="198" hits="108" branch="false"/>
						<line number="200" hits="220" branch="true" condition-coverage="100% (2/2)">
							<conditions>
								<condition number="0" type="jump" coverage="100%"/>
							</conditions>
						</line>
						<line number="201" hits="112" branch="false"/>
						<line number="202" hits="112" branch="false"/>
						<line number="203" hits="112" branch="true" condition-coverage="50% (1/2)">
							<conditions>
								<condition number="0" type="jump" coverage="50%"/>
							</conditions>
						</line>
						<line number="204" hits="112" branch="false"/>
						<line number="206" hits="112" branch="false"/>
						<line number="207" hits="108" branch="false"/>
						<line number="219" hits="6" branch="false"/>
						<line number="221" hits="6" branch="false"/>
						<line number="223" hits="6" branch="false"/>
						<line number="226" hits="6" branch="false"/>
						<line number="227" hits="8" branch="true" condition-coverage="50% (1/2)">
							<conditions>
								<condition number="0" type="jump" coverage="50%"/>
							</conditions>
						</line>
						<line number="229" hits="8" branch="false"/>
						<line number="230" hits="6" branch="false"/>
						<line number="231" hits="2" branch="false"/>
						<line number="232" hits="4" branch="false"/>
						<line number="235" hits="2" branch="false"/>
						<line number="236" hits="2" branch="false"/>
						<line number="237" hits="2" branch="false"/>
						<line number="238" hits="2" branch="false"/>
						<line number="240" hits="2" branch="true" condition-coverage="50% (1/2)">
							<conditions>
								<condition number="0" type="jump" coverage="50%"/>
							</conditions>
						</line>
						<line number="241" hits="0" branch="false"/>
						<line number="245" hits="0" branch="false"/>
						<line number="246" hits="0" branch="false"/>
						<line number="247" hits="6" branch="false"/>
						<line number="248" hits="6" branch="false"/>
						<line number="258" hits="5" branch="false"/>
						<line number="259" hits="5" branch="false"/>
						<line number="260" hits="5" branch="false"/>
						<line number="261" hits="5" branch="false"/>
						<line number="262" hits="5" branch="false"/>
						<line number="263" hits="5" branch="false"/>
						<line number="264" hits="0" branch="false"/>
						<line number="265" hits="0" branch="false"/>
					</lines>
				</class>
				<class name="com.jcabi.xml.TextResource" filename="com/jcabi/xml/TextResource.java" line-rate="0.8333333333333334" branch-rate="0.07142857142857142" complexity="1.125">
					<methods>
						<method name="&lt;init&gt;" signature="(Ljava/io/File;)V" line-rate="1.0" branch-rate="1.0" complexity="0">
							<lines>
								<line number="86" hits="4" branch="false"/>
								<line number="87" hits="2" branch="false"/>
								<line number="91" hits="2" branch="false"/>
							</lines>
						</method>
						<method name="&lt;init&gt;" signature="(Ljava/io/InputStream;)V" line-rate="1.0" branch-rate="1.0" complexity="0">
							<lines>
								<line number="77" hits="5" branch="false"/>
								<line number="78" hits="5" branch="false"/>
							</lines>
						</method>
						<method name="&lt;init&gt;" signature="(Ljava/lang/String;)V" line-rate="1.0" branch-rate="1.0" complexity="0">
							<lines>
								<line number="65" hits="11" branch="false"/>
								<line number="66" hits="11" branch="false"/>
								<line number="67" hits="11" branch="false"/>
							</lines>
						</method>
						<method name="&lt;init&gt;" signature="(Ljava/net/URI;)V" line-rate="0.0" branch-rate="1.0" complexity="0">
							<lines>
								<line number="108" hits="0" branch="false"/>
								<line number="109" hits="0" branch="false"/>
							</lines>
						</method>
						<method name="&lt;init&gt;" signature="(Ljava/net/URL;)V" line-rate="1.0" branch-rate="1.0" complexity="0">
							<lines>
								<line number="99" hits="4" branch="false"/>
								<line number="100" hits="4" branch="false"/>
							</lines>
						</method>
						<method name="equals" signature="(Ljava/lang/Object;)Z" line-rate="1.0" branch-rate="1.0" complexity="0">
							<lines>
							</lines>
						</method>
						<method name="hashCode" signature="()I" line-rate="0.0" branch-rate="0.0" complexity="0">
							<lines>
								<line number="53" hits="0" branch="true" condition-coverage="0% (0/12)">
									<conditions>
										<condition number="0" type="jump" coverage="0%"/>
										<condition number="1" type="jump" coverage="0%"/>
										<condition number="2" type="jump" coverage="0%"/>
										<condition number="3" type="jump" coverage="0%"/>
										<condition number="4" type="jump" coverage="0%"/>
										<condition number="5" type="jump" coverage="0%"/>
									</conditions>
								</line>
							</lines>
						</method>
						<method name="readAsString" signature="(Ljava/io/InputStream;)Ljava/lang/String;" line-rate="0.875" branch-rate="0.5" complexity="0">
							<lines>
								<line number="122" hits="11" branch="false"/>
								<line number="123" hits="11" branch="false"/>
								<line number="126" hits="11" branch="true" condition-coverage="50% (1/2)">
									<conditions>
										<condition number="0" type="jump" coverage="50%"/>
									</conditions>
								</line>
								<line number="127" hits="11" branch="false"/>
								<line number="129" hits="0" branch="false"/>
								<line number="132" hits="11" branch="false"/>
								<line number="133" hits="11" branch="false"/>
								<line number="134" hits="11" branch="false"/>
							</lines>
						</method>
						<method name="readAsString" signature="(Ljava/net/URL;)Ljava/lang/String;" line-rate="1.0" branch-rate="1.0" complexity="0">
							<lines>
								<line number="144" hits="8" branch="false"/>
								<line number="145" hits="4" branch="false"/>
							</lines>
						</method>
						<method name="toString" signature="()Ljava/lang/String;" line-rate="1.0" branch-rate="1.0" complexity="0">
							<lines>
								<line number="113" hits="11" branch="false"/>
							</lines>
						</method>
					</methods>
					<lines>
						<line number="53" hits="0" branch="true" condition-coverage="0% (0/12)">
							<conditions>
								<condition number="0" type="jump" coverage="0%"/>
								<condition number="1" type="jump" coverage="0%"/>
								<condition number="2" type="jump" coverage="0%"/>
								<condition number="3" type="jump" coverage="0%"/>
								<condition number="4" type="jump" coverage="0%"/>
								<condition number="5" type="jump" coverage="0%"/>
							</conditions>
						</line>
						<line number="65" hits="11" branch="false"/>
						<line number="66" hits="11" branch="false"/>
						<line number="67" hits="11" branch="false"/>
						<line number="77" hits="5" branch="false"/>
						<line number="78" hits="5" branch="false"/>
						<line number="86" hits="4" branch="false"/>
						<line number="87" hits="2" branch="false"/>
						<line number="91" hits="2" branch="false"/>
						<line number="99" hits="4" branch="false"/>
						<line number="100" hits="4" branch="false"/>
						<line number="108" hits="0" branch="false"/>
						<line number="109" hits="0" branch="false"/>
						<line number="113" hits="11" branch="false"/>
						<line number="122" hits="11" branch="false"/>
						<line number="123" hits="11" branch="false"/>
						<line number="126" hits="11" branch="true" condition-coverage="50% (1/2)">
							<conditions>
								<condition number="0" type="jump" coverage="50%"/>
							</conditions>
						</line>
						<line number="127" hits="11" branch="false"/>
						<line number="129" hits="0" branch="false"/>
						<line number="132" hits="11" branch="false"/>
						<line number="133" hits="11" branch="false"/>
						<line number="134" hits="11" branch="false"/>
						<line number="144" hits="8" branch="false"/>
						<line number="145" hits="4" branch="false"/>
					</lines>
				</class>
				<class name="com.jcabi.xml.XML" filename="com/jcabi/xml/XML.java" line-rate="1.0" branch-rate="1.0" complexity="1.0">
					<methods>
					</methods>
					<lines>
					</lines>
				</class>
				<class name="com.jcabi.xml.XMLDocument" filename="com/jcabi/xml/XMLDocument.java" line-rate="0.8181818181818182" branch-rate="0.5833333333333334" complexity="2.3333333333333335">
					<methods>
						<method name="&lt;clinit&gt;" signature="()V" line-rate="0.8" branch-rate="1.0" complexity="0">
							<lines>
								<line number="89" hits="1" branch="false"/>
								<line number="95" hits="1" branch="false"/>
								<line number="101" hits="1" branch="false"/>
								<line number="126" hits="1" branch="false"/>
								<line number="128" hits="1" branch="false"/>
								<line number="133" hits="0" branch="false"/>
								<line number="134" hits="0" branch="false"/>
								<line number="135" hits="1" branch="false"/>
								<line number="137" hits="1" branch="false"/>
								<line number="138" hits="1" branch="false"/>
							</lines>
						</method>
						<method name="&lt;init&gt;" signature="(Ljava/io/File;)V" line-rate="1.0" branch-rate="1.0" complexity="0">
							<lines>
								<line number="213" hits="1" branch="false"/>
								<line number="214" hits="1" branch="false"/>
							</lines>
						</method>
						<method name="&lt;init&gt;" signature="(Ljava/io/InputStream;)V" line-rate="1.0" branch-rate="1.0" complexity="0">
							<lines>
								<line number="268" hits="1" branch="false"/>
								<line number="269" hits="1" branch="false"/>
								<line number="270" hits="1" branch="false"/>
							</lines>
						</method>
						<method name="&lt;init&gt;" signature="(Ljava/lang/String;)V" line-rate="1.0" branch-rate="1.0" complexity="0">
							<lines>
								<line number="162" hits="816" branch="false"/>
								<line number="163" hits="409" branch="false"/>
								<line number="167" hits="409" branch="false"/>
							</lines>
						</method>
						<method name="&lt;init&gt;" signature="(Ljava/net/URI;)V" line-rate="0.0" branch-rate="1.0" complexity="0">
							<lines>
								<line number="247" hits="0" branch="false"/>
								<line number="248" hits="0" branch="false"/>
							</lines>
						</method>
						<method name="&lt;init&gt;" signature="(Ljava/net/URL;)V" line-rate="1.0" branch-rate="1.0" complexity="0">
							<lines>
								<line number="230" hits="3" branch="false"/>
								<line number="231" hits="3" branch="false"/>
							</lines>
						</method>
						<method name="&lt;init&gt;" signature="(Ljavax/xml/transform/Source;)V" line-rate="1.0" branch-rate="1.0" complexity="0">
							<lines>
								<line number="196" hits="209" branch="false"/>
								<line number="197" hits="209" branch="false"/>
							</lines>
						</method>
						<method name="&lt;init&gt;" signature="(Lorg/w3c/dom/Node;)V" line-rate="1.0" branch-rate="0.5" complexity="0">
							<lines>
								<line number="180" hits="57" branch="true" condition-coverage="50% (1/2)">
									<conditions>
										<condition number="0" type="jump" coverage="50%"/>
									</conditions>
								</line>
								<line number="181" hits="57" branch="false"/>
							</lines>
						</method>
						<method name="&lt;init&gt;" signature="(Lorg/w3c/dom/Node;Lcom/jcabi/xml/XPathContext;Z)V" line-rate="1.0" branch-rate="1.0" complexity="0">
							<lines>
								<line number="279" hits="50362" branch="false"/>
								<line number="280" hits="50423" branch="false"/>
								<line number="281" hits="48523" branch="false"/>
								<line number="282" hits="50453" branch="false"/>
								<line number="283" hits="50424" branch="false"/>
								<line number="284" hits="50044" branch="false"/>
							</lines>
						</method>
						<method name="asString" signature="(Lorg/w3c/dom/Node;)Ljava/lang/String;" line-rate="0.7647058823529411" branch-rate="1.0" complexity="0">
							<lines>
								<line number="458" hits="50441" branch="false"/>
								<line number="461" hits="50015" branch="false"/>
								<line number="462" hits="51159" branch="false"/>
								<line number="463" hits="51159" branch="false"/>
								<line number="465" hits="51159" branch="false"/>
								<line number="466" hits="51158" branch="false"/>
								<line number="467" hits="51158" branch="true" condition-coverage="100% (2/2)">
									<conditions>
										<condition number="0" type="jump" coverage="100%"/>
									</conditions>
								</line>
								<line number="468" hits="50273" branch="false"/>
								<line number="470" hits="51157" branch="false"/>
								<line number="471" hits="51159" branch="false"/>
								<line number="475" hits="48757" branch="false"/>
								<line number="476" hits="0" branch="false"/>
								<line number="477" hits="0" branch="false"/>
								<line number="478" hits="0" branch="false"/>
								<line number="479" hits="0" branch="false"/>
								<line number="480" hits="50745" branch="false"/>
								<line number="481" hits="50847" branch="false"/>
							</lines>
						</method>
						<method name="createImportedNode" signature="(Lorg/w3c/dom/Node;)Lorg/w3c/dom/Node;" line-rate="0.7142857142857143" branch-rate="1.0" complexity="0">
							<lines>
								<line number="404" hits="4" branch="false"/>
								<line number="405" hits="0" branch="false"/>
								<line number="406" hits="0" branch="false"/>
								<line number="407" hits="4" branch="false"/>
								<line number="408" hits="4" branch="false"/>
								<line number="409" hits="4" branch="false"/>
								<line number="410" hits="4" branch="false"/>
							</lines>
						</method>
						<method name="equals" signature="(Ljava/lang/Object;)Z" line-rate="1.0" branch-rate="1.0" complexity="0">
							<lines>
							</lines>
						</method>
						<method name="fetch" signature="(Ljava/lang/String;Ljava/lang/Class;)Ljava/lang/Object;" line-rate="0.75" branch-rate="0.75" complexity="0">
							<lines>
								<line number="431" hits="386" branch="false"/>
								<line number="432" hits="386" branch="false"/>
								<line number="433" hits="386" branch="false"/>
								<line number="434" hits="386" branch="false"/>
								<line number="436" hits="385" branch="true" condition-coverage="100% (2/2)">
									<conditions>
										<condition number="0" type="jump" coverage="100%"/>
									</conditions>
								</line>
								<line number="437" hits="4" branch="false"/>
								<line number="438" hits="381" branch="true" condition-coverage="50% (1/2)">
									<conditions>
										<condition number="0" type="jump" coverage="50%"/>
									</conditions>
								</line>
								<line number="439" hits="381" branch="false"/>
								<line number="441" hits="0" branch="false"/>
								<line number="442" hits="0" branch="false"/>
								<line number="443" hits="0" branch="false"/>
								<line number="447" hits="386" branch="false"/>
							</lines>
						</method>
						<method name="hashCode" signature="()I" line-rate="1.0" branch-rate="0.375" complexity="0">
							<lines>
								<line number="75" hits="2" branch="true" condition-coverage="37% (6/16)">
									<conditions>
										<condition number="0" type="jump" coverage="50%"/>
										<condition number="1" type="jump" coverage="50%"/>
										<condition number="2" type="jump" coverage="50%"/>
										<condition number="3" type="jump" coverage="0%"/>
										<condition number="4" type="jump" coverage="100%"/>
										<condition number="5" type="jump" coverage="50%"/>
										<condition number="6" type="jump" coverage="0%"/>
										<condition number="7" type="jump" coverage="0%"/>
									</conditions>
								</line>
							</lines>
						</method>
						<method name="merge" signature="(Ljavax/xml/namespace/NamespaceContext;)Lcom/jcabi/xml/XML;" line-rate="1.0" branch-rate="1.0" complexity="0">
							<lines>
								<line number="389" hits="418" branch="false"/>
								<line number="390" hits="209" branch="false"/>
								<line number="391" hits="209" branch="false"/>
							</lines>
						</method>
						<method name="node" signature="()Lorg/w3c/dom/Node;" line-rate="1.0" branch-rate="1.0" complexity="0">
							<lines>
								<line number="293" hits="342" branch="false"/>
								<line number="295" hits="342" branch="true" condition-coverage="100% (2/2)">
									<conditions>
										<condition number="0" type="jump" coverage="100%"/>
									</conditions>
								</line>
								<line number="296" hits="338" branch="false"/>
								<line number="298" hits="4" branch="false"/>
								<line number="300" hits="342" branch="false"/>
							</lines>
						</method>
						<method name="nodes" signature="(Ljava/lang/String;)Ljava/util/List;" line-rate="0.6363636363636364" branch-rate="1.0" complexity="0">
							<lines>
								<line number="366" hits="322" branch="false"/>
								<line number="367" hits="321" branch="false"/>
								<line number="368" hits="48855" branch="true" condition-coverage="100% (2/2)">
									<conditions>
										<condition number="0" type="jump" coverage="100%"/>
									</conditions>
								</line>
								<line number="369" hits="96861" branch="false"/>
								<line number="371" hits="48343" branch="false"/>
								<line number="376" hits="0" branch="false"/>
								<line number="377" hits="0" branch="false"/>
								<line number="378" hits="0" branch="false"/>
								<line number="380" hits="0" branch="false"/>
								<line number="383" hits="322" branch="false"/>
								<line number="384" hits="322" branch="false"/>
							</lines>
						</method>
						<method name="registerNs" signature="(Ljava/lang/String;Ljava/lang/Object;)Lcom/jcabi/xml/XML;" line-rate="1.0" branch-rate="1.0" complexity="0">
							<lines>
								<line number="354" hits="2" branch="false"/>
								<line number="355" hits="1" branch="false"/>
								<line number="356" hits="1" branch="false"/>
							</lines>
						</method>
						<method name="toString" signature="()Ljava/lang/String;" line-rate="1.0" branch-rate="1.0" complexity="0">
							<lines>
								<line number="288" hits="266" branch="false"/>
							</lines>
						</method>
						<method name="transform" signature="(Ljavax/xml/transform/Source;)Lorg/w3c/dom/Node;" line-rate="0.7777777777777778" branch-rate="1.0" complexity="0">
							<lines>
								<line number="490" hits="209" branch="false"/>
								<line number="493" hits="209" branch="false"/>
								<line number="494" hits="209" branch="false"/>
								<line number="495" hits="209" branch="false"/>
								<line number="496" hits="209" branch="false"/>
								<line number="497" hits="0" branch="false"/>
								<line number="498" hits="0" branch="false"/>
								<line number="499" hits="209" branch="false"/>
								<line number="500" hits="209" branch="false"/>
							</lines>
						</method>
						<method name="xpath" signature="(Ljava/lang/String;)Ljava/util/List;" line-rate="0.85" branch-rate="0.625" complexity="0">
							<lines>
								<line number="315" hits="60" branch="false"/>
								<line number="316" hits="56" branch="false"/>
								<line number="317" hits="113" branch="true" condition-coverage="100% (2/2)">
									<conditions>
										<condition number="0" type="jump" coverage="100%"/>
									</conditions>
								</line>
								<line number="318" hits="57" branch="false"/>
								<line number="319" hits="57" branch="true" condition-coverage="50% (3/6)">
									<conditions>
										<condition number="0" type="jump" coverage="100%"/>
										<condition number="1" type="jump" coverage="50%"/>
										<condition number="2" type="jump" coverage="0%"/>
									</conditions>
								</line>
								<line number="322" hits="0" branch="false"/>
								<line number="323" hits="0" branch="false"/>
								<line number="326" hits="0" branch="false"/>
								<line number="330" hits="57" branch="false"/>
								<line number="332" hits="4" branch="false"/>
								<line number="334" hits="7" branch="false"/>
								<line number="335" hits="4" branch="false"/>
								<line number="337" hits="1" branch="false"/>
								<line number="338" hits="1" branch="false"/>
								<line number="340" hits="1" branch="false"/>
								<line number="342" hits="1" branch="false"/>
								<line number="343" hits="1" branch="false"/>
								<line number="347" hits="3" branch="false"/>
								<line number="348" hits="56" branch="false"/>
								<line number="349" hits="59" branch="false"/>
							</lines>
						</method>
					</methods>
					<lines>
						<line number="75" hits="2" branch="true" condition-coverage="37% (6/16)">
							<conditions>
								<condition number="0" type="jump" coverage="50%"/>
								<condition number="1" type="jump" coverage="50%"/>
								<condition number="2" type="jump" coverage="50%"/>
								<condition number="3" type="jump" coverage="0%"/>
								<condition number="4" type="jump" coverage="100%"/>
								<condition number="5" type="jump" coverage="50%"/>
								<condition number="6" type="jump" coverage="0%"/>
								<condition number="7" type="jump" coverage="0%"/>
							</conditions>
						</line>
						<line number="89" hits="1" branch="false"/>
						<line number="95" hits="1" branch="false"/>
						<line number="101" hits="1" branch="false"/>
						<line number="126" hits="1" branch="false"/>
						<line number="128" hits="1" branch="false"/>
						<line number="133" hits="0" branch="false"/>
						<line number="134" hits="0" branch="false"/>
						<line number="135" hits="1" branch="false"/>
						<line number="137" hits="1" branch="false"/>
						<line number="138" hits="1" branch="false"/>
						<line number="162" hits="816" branch="false"/>
						<line number="163" hits="409" branch="false"/>
						<line number="167" hits="409" branch="false"/>
						<line number="180" hits="57" branch="true" condition-coverage="50% (1/2)">
							<conditions>
								<condition number="0" type="jump" coverage="50%"/>
							</conditions>
						</line>
						<line number="181" hits="57" branch="false"/>
						<line number="196" hits="209" branch="false"/>
						<line number="197" hits="209" branch="false"/>
						<line number="213" hits="1" branch="false"/>
						<line number="214" hits="1" branch="false"/>
						<line number="230" hits="3" branch="false"/>
						<line number="231" hits="3" branch="false"/>
						<line number="247" hits="0" branch="false"/>
						<line number="248" hits="0" branch="false"/>
						<line number="268" hits="1" branch="false"/>
						<line number="269" hits="1" branch="false"/>
						<line number="270" hits="1" branch="false"/>
						<line number="279" hits="50362" branch="false"/>
						<line number="280" hits="50423" branch="false"/>
						<line number="281" hits="48523" branch="false"/>
						<line number="282" hits="50453" branch="false"/>
						<line number="283" hits="50424" branch="false"/>
						<line number="284" hits="50044" branch="false"/>
						<line number="288" hits="266" branch="false"/>
						<line number="293" hits="342" branch="false"/>
						<line number="295" hits="342" branch="true" condition-coverage="100% (2/2)">
							<conditions>
								<condition number="0" type="jump" coverage="100%"/>
							</conditions>
						</line>
						<line number="296" hits="338" branch="false"/>
						<line number="298" hits="4" branch="false"/>
						<line number="300" hits="342" branch="false"/>
						<line number="315" hits="60" branch="false"/>
						<line number="316" hits="56" branch="false"/>
						<line number="317" hits="113" branch="true" condition-coverage="100% (2/2)">
							<conditions>
								<condition number="0" type="jump" coverage="100%"/>
							</conditions>
						</line>
						<line number="318" hits="57" branch="false"/>
						<line number="319" hits="57" branch="true" condition-coverage="50% (3/6)">
							<conditions>
								<condition number="0" type="jump" coverage="100%"/>
								<condition number="1" type="jump" coverage="50%"/>
								<condition number="2" type="jump" coverage="0%"/>
							</conditions>
						</line>
						<line number="322" hits="0" branch="false"/>
						<line number="323" hits="0" branch="false"/>
						<line number="326" hits="0" branch="false"/>
						<line number="330" hits="57" branch="false"/>
						<line number="332" hits="4" branch="false"/>
						<line number="334" hits="7" branch="false"/>
						<line number="335" hits="4" branch="false"/>
						<line number="337" hits="1" branch="false"/>
						<line number="338" hits="1" branch="false"/>
						<line number="340" hits="1" branch="false"/>
						<line number="342" hits="1" branch="false"/>
						<line number="343" hits="1" branch="false"/>
						<line number="347" hits="3" branch="false"/>
						<line number="348" hits="56" branch="false"/>
						<line number="349" hits="59" branch="false"/>
						<line number="354" hits="2" branch="false"/>
						<line number="355" hits="1" branch="false"/>
						<line number="356" hits="1" branch="false"/>
						<line number="366" hits="322" branch="false"/>
						<line number="367" hits="321" branch="false"/>
						<line number="368" hits="48855" branch="true" condition-coverage="100% (2/2)">
							<conditions>
								<condition number="0" type="jump" coverage="100%"/>
							</conditions>
						</line>
						<line number="369" hits="96861" branch="false"/>
						<line number="371" hits="48343" branch="false"/>
						<line number="376" hits="0" branch="false"/>
						<line number="377" hits="0" branch="false"/>
						<line number="378" hits="0" branch="false"/>
						<line number="380" hits="0" branch="false"/>
						<line number="383" hits="322" branch="false"/>
						<line number="384" hits="322" branch="false"/>
						<line number="389" hits="418" branch="false"/>
						<line number="390" hits="209" branch="false"/>
						<line number="391" hits="209" branch="false"/>
						<line number="404" hits="4" branch="false"/>
						<line number="405" hits="0" branch="false"/>
						<line number="406" hits="0" branch="false"/>
						<line number="407" hits="4" branch="false"/>
						<line number="408" hits="4" branch="false"/>
						<line number="409" hits="4" branch="false"/>
						<line number="410" hits="4" branch="false"/>
						<line number="431" hits="386" branch="false"/>
						<line number="432" hits="386" branch="false"/>
						<line number="433" hits="386" branch="false"/>
						<line number="434" hits="386" branch="false"/>
						<line number="436" hits="385" branch="true" condition-coverage="100% (2/2)">
							<conditions>
								<condition number="0" type="jump" coverage="100%"/>
							</conditions>
						</line>
						<line number="437" hits="4" branch="false"/>
						<line number="438" hits="381" branch="true" condition-coverage="50% (1/2)">
							<conditions>
								<condition number="0" type="jump" coverage="50%"/>
							</conditions>
						</line>
						<line number="439" hits="381" branch="false"/>
						<line number="441" hits="0" branch="false"/>
						<line number="442" hits="0" branch="false"/>
						<line number="443" hits="0" branch="false"/>
						<line number="447" hits="386" branch="false"/>
						<line number="458" hits="50441" branch="false"/>
						<line number="461" hits="50015" branch="false"/>
						<line number="462" hits="51159" branch="false"/>
						<line number="463" hits="51159" branch="false"/>
						<line number="465" hits="51159" branch="false"/>
						<line number="466" hits="51158" branch="false"/>
						<line number="467" hits="51158" branch="true" condition-coverage="100% (2/2)">
							<conditions>
								<condition number="0" type="jump" coverage="100%"/>
							</conditions>
						</line>
						<line number="468" hits="50273" branch="false"/>
						<line number="470" hits="51157" branch="false"/>
						<line number="471" hits="51159" branch="false"/>
						<line number="475" hits="48757" branch="false"/>
						<line number="476" hits="0" branch="false"/>
						<line number="477" hits="0" branch="false"/>
						<line number="478" hits="0" branch="false"/>
						<line number="479" hits="0" branch="false"/>
						<line number="480" hits="50745" branch="false"/>
						<line number="481" hits="50847" branch="false"/>
						<line number="490" hits="209" branch="false"/>
						<line number="493" hits="209" branch="false"/>
						<line number="494" hits="209" branch="false"/>
						<line number="495" hits="209" branch="false"/>
						<line number="496" hits="209" branch="false"/>
						<line number="497" hits="0" branch="false"/>
						<line number="498" hits="0" branch="false"/>
						<line number="499" hits="209" branch="false"/>
						<line number="500" hits="209" branch="false"/>
					</lines>
				</class>
[...]
							<lines>
								<line number="209" hits="1018" branch="false"/>
								<line number="210" hits="1018" branch="false"/>
							</lines>
						</method>
						<method name="fatalError" signature="(Lorg/xml/sax/SAXParseException;)V" line-rate="0.0" branch-rate="1.0" complexity="0">
							<lines>
								<line number="213" hits="0" branch="false"/>
								<line number="214" hits="0" branch="false"/>
							</lines>
						</method>
						<method name="warning" signature="(Lorg/xml/sax/SAXParseException;)V" line-rate="1.0" branch-rate="1.0" complexity="0">
							<lines>
								<line number="205" hits="5" branch="false"/>
								<line number="206" hits="5" branch="false"/>
							</lines>
						</method>
					</methods>
					<lines>
						<line number="200" hits="77" branch="false"/>
						<line number="201" hits="77" branch="false"/>
						<line number="202" hits="77" branch="false"/>
						<line number="205" hits="5" branch="false"/>
						<line number="206" hits="5" branch="false"/>
						<line number="209" hits="1018" branch="false"/>
						<line number="210" hits="1018" branch="false"/>
						<line number="213" hits="0" branch="false"/>
						<line number="214" hits="0" branch="false"/>
					</lines>
				</class>
				<class name="com.jcabi.xml.XSL" filename="com/jcabi/xml/XSL.java" line-rate="1.0" branch-rate="1.0" complexity="1.0">
					<methods>
					</methods>
					<lines>
					</lines>
				</class>
				<class name="com.jcabi.xml.XSLChain" filename="com/jcabi/xml/XSLChain.java" line-rate="0.6363636363636364" branch-rate="0.25" complexity="1.8">
					<methods>
						<method name="&lt;init&gt;" signature="(Ljava/util/Collection;)V" line-rate="1.0" branch-rate="1.0" complexity="0">
							<lines>
								<line number="55" hits="1" branch="false"/>
								<line number="56" hits="1" branch="false"/>
								<line number="57" hits="1" branch="false"/>
							</lines>
						</method>
						<method name="applyTo" signature="(Lcom/jcabi/xml/XML;)Ljava/lang/String;" line-rate="0.0" branch-rate="1.0" complexity="0">
							<lines>
								<line number="70" hits="0" branch="false"/>
							</lines>
						</method>
						<method name="equals" signature="(Ljava/lang/Object;)Z" line-rate="1.0" branch-rate="1.0" complexity="0">
							<lines>
							</lines>
						</method>
						<method name="hashCode" signature="()I" line-rate="0.0" branch-rate="0.0" complexity="0">
							<lines>
								<line number="43" hits="0" branch="true" condition-coverage="0% (0/6)">
									<conditions>
										<condition number="0" type="jump" coverage="0%"/>
										<condition number="1" type="jump" coverage="0%"/>
										<condition number="2" type="jump" coverage="0%"/>
									</conditions>
								</line>
							</lines>
						</method>
						<method name="transform" signature="(Lcom/jcabi/xml/XML;)Lcom/jcabi/xml/XML;" line-rate="1.0" branch-rate="1.0" complexity="0">
							<lines>
								<line number="61" hits="1" branch="false"/>
								<line number="62" hits="3" branch="true" condition-coverage="100% (2/2)">
									<conditions>
										<condition number="0" type="jump" coverage="100%"/>
									</conditions>
								</line>
								<line number="63" hits="2" branch="false"/>
								<line number="65" hits="1" branch="false"/>
							</lines>
						</method>
						<method name="with" signature="(Lcom/jcabi/xml/Sources;)Lcom/jcabi/xml/XSL;" line-rate="0.0" branch-rate="1.0" complexity="0">
							<lines>
								<line number="75" hits="0" branch="false"/>
							</lines>
						</method>
						<method name="with" signature="(Ljava/lang/String;Ljava/lang/Object;)Lcom/jcabi/xml/XSL;" line-rate="0.0" branch-rate="1.0" complexity="0">
							<lines>
								<line number="80" hits="0" branch="false"/>
							</lines>
						</method>
					</methods>
					<lines>
						<line number="43" hits="0" branch="true" condition-coverage="0% (0/6)">
							<conditions>
								<condition number="0" type="jump" coverage="0%"/>
								<condition number="1" type="jump" coverage="0%"/>
								<condition number="2" type="jump" coverage="0%"/>
							</conditions>
						</line>
						<line number="55" hits="1" branch="false"/>
						<line number="56" hits="1" branch="false"/>
						<line number="57" hits="1" branch="false"/>
						<line number="61" hits="1" branch="false"/>
						<line number="62" hits="3" branch="true" condition-coverage="100% (2/2)">
							<conditions>
								<condition number="0" type="jump" coverage="100%"/>
							</conditions>
						</line>
						<line number="63" hits="2" branch="false"/>
						<line number="65" hits="1" branch="false"/>
						<line number="70" hits="0" branch="false"/>
						<line number="75" hits="0" branch="false"/>
						<line number="80" hits="0" branch="false"/>
					</lines>
				</class>
				<class name="com.jcabi.xml.XSLDocument" filename="com/jcabi/xml/XSLDocument.java" line-rate="0.5866666666666667" branch-rate="0.14285714285714285" complexity="1.565217391304348">
					<methods>
						<method name="&lt;clinit&gt;" signature="()V" line-rate="1.0" branch-rate="1.0" complexity="0">
							<lines>
								<line number="97" hits="2" branch="false"/>
								<line number="98" hits="1" branch="false"/>
								<line number="105" hits="1" branch="false"/>
								<line number="110" hits="1" branch="false"/>
							</lines>
						</method>
						<method name="&lt;init&gt;" signature="(Lcom/jcabi/xml/XML;)V" line-rate="0.0" branch-rate="1.0" complexity="0">
							<lines>
								<line number="151" hits="0" branch="false"/>
								<line number="152" hits="0" branch="false"/>
							</lines>
						</method>
						<method name="&lt;init&gt;" signature="(Lcom/jcabi/xml/XML;Ljava/lang/String;)V" line-rate="0.0" branch-rate="1.0" complexity="0">
							<lines>
								<line number="161" hits="0" branch="false"/>
								<line number="162" hits="0" branch="false"/>
							</lines>
						</method>
						<method name="&lt;init&gt;" signature="(Ljava/io/InputStream;)V" line-rate="1.0" branch-rate="1.0" complexity="0">
							<lines>
								<line number="189" hits="2" branch="false"/>
								<line number="190" hits="2" branch="false"/>
							</lines>
						</method>
						<method name="&lt;init&gt;" signature="(Ljava/io/InputStream;Ljava/lang/String;)V" line-rate="0.0" branch-rate="1.0" complexity="0">
							<lines>
								<line number="199" hits="0" branch="false"/>
								<line number="200" hits="0" branch="false"/>
							</lines>
						</method>
						<method name="&lt;init&gt;" signature="(Ljava/lang/String;)V" line-rate="1.0" branch-rate="1.0" complexity="0">
							<lines>
								<line number="207" hits="9" branch="false"/>
								<line number="208" hits="9" branch="false"/>
							</lines>
						</method>
						<method name="&lt;init&gt;" signature="(Ljava/lang/String;Lcom/jcabi/xml/Sources;)V" line-rate="1.0" branch-rate="1.0" complexity="0">
							<lines>
								<line number="227" hits="9" branch="false"/>
								<line number="228" hits="9" branch="false"/>
							</lines>
						</method>
						<method name="&lt;init&gt;" signature="(Ljava/lang/String;Lcom/jcabi/xml/Sources;Ljava/lang/String;)V" line-rate="0.0" branch-rate="1.0" complexity="0">
							<lines>
								<line number="239" hits="0" branch="false"/>
								<line number="240" hits="0" branch="false"/>
							</lines>
						</method>
						<method name="&lt;init&gt;" signature="(Ljava/lang/String;Lcom/jcabi/xml/Sources;Ljava/util/Map;)V" line-rate="1.0" branch-rate="1.0" complexity="0">
							<lines>
								<line number="251" hits="12" branch="false"/>
								<line number="252" hits="12" branch="false"/>
							</lines>
						</method>
						<method name="&lt;init&gt;" signature="(Ljava/lang/String;Lcom/jcabi/xml/Sources;Ljava/util/Map;Ljava/lang/String;)V" line-rate="1.0" branch-rate="1.0" complexity="0">
							<lines>
								<line number="264" hits="12" branch="false"/>
								<line number="265" hits="12" branch="false"/>
								<line number="266" hits="12" branch="false"/>
								<line number="267" hits="12" branch="false"/>
								<line number="268" hits="12" branch="false"/>
								<line number="269" hits="12" branch="false"/>
							</lines>
						</method>
						<method name="&lt;init&gt;" signature="(Ljava/lang/String;Ljava/lang/String;)V" line-rate="0.0" branch-rate="1.0" complexity="0">
							<lines>
								<line number="217" hits="0" branch="false"/>
								<line number="218" hits="0" branch="false"/>
							</lines>
						</method>
						<method name="&lt;init&gt;" signature="(Ljava/net/URI;)V" line-rate="0.0" branch-rate="1.0" complexity="0">
							<lines>
								<line number="181" hits="0" branch="false"/>
								<line number="182" hits="0" branch="false"/>
							</lines>
						</method>
						<method name="&lt;init&gt;" signature="(Ljava/net/URL;)V" line-rate="0.0" branch-rate="1.0" complexity="0">
							<lines>
								<line number="171" hits="0" branch="false"/>
								<line number="172" hits="0" branch="false"/>
							</lines>
						</method>
						<method name="applyTo" signature="(Lcom/jcabi/xml/XML;)Ljava/lang/String;" line-rate="0.6" branch-rate="1.0" complexity="0">
							<lines>
								<line number="342" hits="3" branch="false"/>
								<line number="343" hits="3" branch="false"/>
								<line number="345" hits="3" branch="false"/>
								<line number="346" hits="0" branch="false"/>
								<line number="347" hits="0" branch="false"/>
							</lines>
						</method>
						<method name="equals" signature="(Ljava/lang/Object;)Z" line-rate="1.0" branch-rate="1.0" complexity="0">
							<lines>
							</lines>
						</method>
						<method name="hashCode" signature="()I" line-rate="0.0" branch-rate="0.0" complexity="0">
							<lines>
								<line number="68" hits="0" branch="true" condition-coverage="0% (0/12)">
									<conditions>
										<condition number="0" type="jump" coverage="0%"/>
										<condition number="1" type="jump" coverage="0%"/>
										<condition number="2" type="jump" coverage="0%"/>
										<condition number="3" type="jump" coverage="0%"/>
										<condition number="4" type="jump" coverage="0%"/>
										<condition number="5" type="jump" coverage="0%"/>
									</conditions>
								</line>
							</lines>
						</method>
						<method name="make" signature="(Ljava/io/InputStream;)Lcom/jcabi/xml/XSL;" line-rate="1.0" branch-rate="1.0" complexity="0">
							<lines>
								<line number="301" hits="1" branch="false"/>
							</lines>
						</method>
						<method name="make" signature="(Ljava/net/URL;)Lcom/jcabi/xml/XSL;" line-rate="0.0" branch-rate="1.0" complexity="0">
							<lines>
								<line number="314" hits="0" branch="false"/>
								<line number="315" hits="0" branch="false"/>
								<line number="316" hits="0" branch="false"/>
							</lines>
						</method>
						<method name="toString" signature="()Ljava/lang/String;" line-rate="0.0" branch-rate="1.0" complexity="0">
							<lines>
								<line number="322" hits="0" branch="false"/>
							</lines>
						</method>
						<method name="transform" signature="(Lcom/jcabi/xml/XML;)Lcom/jcabi/xml/XML;" line-rate="0.7142857142857143" branch-rate="1.0" complexity="0">
							<lines>
								<line number="329" hits="56" branch="false"/>
								<line number="330" hits="56" branch="false"/>
								<line number="331" hits="55" branch="false"/>
								<line number="334" hits="0" branch="false"/>
								<line number="335" hits="0" branch="false"/>
								<line number="336" hits="56" branch="false"/>
								<line number="337" hits="56" branch="false"/>
							</lines>
						</method>
						<method name="transformInto" signature="(Lcom/jcabi/xml/XML;Ljavax/xml/transform/Result;)V" line-rate="0.6363636363636364" branch-rate="1.0" complexity="0">
							<lines>
								<line number="359" hits="59" branch="false"/>
								<line number="361" hits="59" branch="false"/>
								<line number="363" hits="59" branch="false"/>
								<line number="364" hits="59" branch="false"/>
								<line number="365" hits="59" branch="false"/>
								<line number="368" hits="59" branch="false"/>
								<line number="370" hits="59" branch="true" condition-coverage="100% (2/2)">
									<conditions>
										<condition number="0" type="jump" coverage="100%"/>
									</conditions>
								</line>
								<line number="371" hits="2" branch="false"/>
								<line number="372" hits="2" branch="false"/>
								<line number="373" hits="59" branch="false"/>
								<line number="374" hits="0" branch="false"/>
								<line number="375" hits="0" branch="false"/>
								<line number="376" hits="0" branch="false"/>
								<line number="378" hits="0" branch="false"/>
								<line number="382" hits="0" branch="false"/>
								<line number="383" hits="0" branch="false"/>
								<line number="384" hits="0" branch="false"/>
								<line number="386" hits="0" branch="false"/>
								<line number="390" hits="59" branch="false"/>
								<line number="391" hits="59" branch="false"/>
								<line number="392" hits="59" branch="false"/>
								<line number="393" hits="59" branch="false"/>
							</lines>
						</method>
						<method name="with" signature="(Lcom/jcabi/xml/Sources;)Lcom/jcabi/xml/XSL;" line-rate="1.0" branch-rate="1.0" complexity="0">
							<lines>
								<line number="273" hits="1" branch="false"/>
							</lines>
						</method>
						<method name="with" signature="(Ljava/lang/String;Ljava/lang/Object;)Lcom/jcabi/xml/XSL;" line-rate="1.0" branch-rate="1.0" complexity="0">
							<lines>
								<line number="278" hits="4" branch="false"/>
								<line number="279" hits="2" branch="false"/>
							</lines>
						</method>
					</methods>
					<lines>
						<line number="68" hits="0" branch="true" condition-coverage="0% (0/12)">
							<conditions>
								<condition number="0" type="jump" coverage="0%"/>
								<condition number="1" type="jump" coverage="0%"/>
								<condition number="2" type="jump" coverage="0%"/>
								<condition number="3" type="jump" coverage="0%"/>
								<condition number="4" type="jump" coverage="0%"/>
								<condition number="5" type="jump" coverage="0%"/>
							</conditions>
						</line>
						<line number="97" hits="2" branch="false"/>
						<line number="98" hits="1" branch="false"/>
						<line number="105" hits="1" branch="false"/>
						<line number="110" hits="1" branch="false"/>
						<line number="151" hits="0" branch="false"/>
						<line number="152" hits="0" branch="false"/>
						<line number="161" hits="0" branch="false"/>
						<line number="162" hits="0" branch="false"/>
						<line number="171" hits="0" branch="false"/>
						<line number="172" hits="0" branch="false"/>
						<line number="181" hits="0" branch="false"/>
						<line number="182" hits="0" branch="false"/>
						<line number="189" hits="2" branch="false"/>
						<line number="190" hits="2" branch="false"/>
						<line number="199" hits="0" branch="false"/>
						<line number="200" hits="0" branch="false"/>
						<line number="207" hits="9" branch="false"/>
						<line number="208" hits="9" branch="false"/>
						<line number="217" hits="0" branch="false"/>
						<line number="218" hits="0" branch="false"/>
						<line number="227" hits="9" branch="false"/>
						<line number="228" hits="9" branch="false"/>
						<line number="239" hits="0" branch="false"/>
						<line number="240" hits="0" branch="false"/>
						<line number="251" hits="12" branch="false"/>
						<line number="252" hits="12" branch="false"/>
						<line number="264" hits="12" branch="false"/>
						<line number="265" hits="12" branch="false"/>
						<line number="266" hits="12" branch="false"/>
						<line number="267" hits="12" branch="false"/>
						<line number="268" hits="12" branch="false"/>
						<line number="269" hits="12" branch="false"/>
						<line number="273" hits="1" branch="false"/>
						<line number="278" hits="4" branch="false"/>
						<line number="279" hits="2" branch="false"/>
						<line number="301" hits="1" branch="false"/>
						<line number="314" hits="0" branch="false"/>
						<line number="315" hits="0" branch="false"/>
						<line number="316" hits="0" branch="false"/>
						<line number="322" hits="0" branch="false"/>
						<line number="329" hits="56" branch="false"/>
						<line number="330" hits="56" branch="false"/>
						<line number="331" hits="55" branch="false"/>
						<line number="334" hits="0" branch="false"/>
						<line number="335" hits="0" branch="false"/>
						<line number="336" hits="56" branch="false"/>
						<line number="337" hits="56" branch="false"/>
						<line number="342" hits="3" branch="false"/>
						<line number="343" hits="3" branch="false"/>
						<line number="345" hits="3" branch="false"/>
						<line number="346" hits="0" branch="false"/>
						<line number="347" hits="0" branch="false"/>
						<line number="359" hits="59" branch="false"/>
						<line number="361" hits="59" branch="false"/>
						<line number="363" hits="59" branch="false"/>
						<line number="364" hits="59" branch="false"/>
						<line number="365" hits="59" branch="false"/>
						<line number="368" hits="59" branch="false"/>
						<line number="370" hits="59" branch="true" condition-coverage="100% (2/2)">
							<conditions>
								<condition number="0" type="jump" coverage="100%"/>
							</conditions>
						</line>
						<line number="371" hits="2" branch="false"/>
						<line number="372" hits="2" branch="false"/>
						<line number="373" hits="59" branch="false"/>
						<line number="374" hits="0" branch="false"/>
						<line number="375" hits="0" branch="false"/>
						<line number="376" hits="0" branch="false"/>
						<line number="378" hits="0" branch="false"/>
						<line number="382" hits="0" branch="false"/>
						<line number="383" hits="0" branch="false"/>
						<line number="384" hits="0" branch="false"/>
						<line number="386" hits="0" branch="false"/>
						<line number="390" hits="59" branch="false"/>
						<line number="391" hits="59" branch="false"/>
						<line number="392" hits="59" branch="false"/>
						<line number="393" hits="59" branch="false"/>
					</lines>
				</class>
				<class name="com.jcabi.xml.XSLDocument$1" filename="com/jcabi/xml/XSLDocument.java" line-rate="0.42857142857142855" branch-rate="1.0" complexity="1.565217391304348">
					<methods>
						<method name="&lt;init&gt;" signature="()V" line-rate="1.0" branch-rate="1.0" complexity="0">
							<lines>
								<line number="110" hits="1" branch="false"/>
							</lines>
						</method>
						<method name="error" signature="(Ljavax/xml/transform/TransformerException;)V" line-rate="0.0" branch-rate="1.0" complexity="0">
							<lines>
								<line number="117" hits="0" branch="false"/>
								<line number="118" hits="0" branch="false"/>
							</lines>
						</method>
						<method name="fatalError" signature="(Ljavax/xml/transform/TransformerException;)V" line-rate="0.0" branch-rate="1.0" complexity="0">
							<lines>
								<line number="121" hits="0" branch="false"/>
								<line number="122" hits="0" branch="false"/>
							</lines>
						</method>
						<method name="warning" signature="(Ljavax/xml/transform/TransformerException;)V" line-rate="1.0" branch-rate="1.0" complexity="0">
							<lines>
								<line number="113" hits="60" branch="false"/>
								<line number="114" hits="60" branch="false"/>
							</lines>
						</method>
					</methods>
					<lines>
						<line number="110" hits="1" branch="false"/>
						<line number="113" hits="60" branch="false"/>
						<line number="114" hits="60" branch="false"/>
						<line number="117" hits="0" branch="false"/>
						<line number="118" hits="0" branch="false"/>
						<line number="121" hits="0" branch="false"/>
						<line number="122" hits="0" branch="false"/>
					</lines>
				</class>
			</classes>
		</package>
	</packages>
</coverage>
